<?xml version="1.0" encoding="UTF-8"?>
<testsuite name="me.arok.springboot.domain.posts.PostsRepositoryTest" tests="1" skipped="0" failures="0" errors="0" timestamp="2020-09-06T10:29:16" hostname="jojaemin-ui-MacBook-Pro.local" time="0.712">
  <properties/>
  <testcase name="BasicTimeEntity_save" classname="me.arok.springboot.domain.posts.PostsRepositoryTest" time="0.712"/>
  <system-out><![CDATA[19:29:08.304 [Test worker] DEBUG org.springframework.test.context.junit4.SpringJUnit4ClassRunner - SpringJUnit4ClassRunner constructor called with [class me.arok.springboot.domain.posts.PostsRepositoryTest]
19:29:08.319 [Test worker] DEBUG org.springframework.test.context.BootstrapUtils - Instantiating CacheAwareContextLoaderDelegate from class [org.springframework.test.context.cache.DefaultCacheAwareContextLoaderDelegate]
19:29:08.334 [Test worker] DEBUG org.springframework.test.context.BootstrapUtils - Instantiating BootstrapContext using constructor [public org.springframework.test.context.support.DefaultBootstrapContext(java.lang.Class,org.springframework.test.context.CacheAwareContextLoaderDelegate)]
19:29:08.363 [Test worker] DEBUG org.springframework.test.context.BootstrapUtils - Instantiating TestContextBootstrapper for test class [me.arok.springboot.domain.posts.PostsRepositoryTest] from class [org.springframework.boot.test.context.SpringBootTestContextBootstrapper]
19:29:08.386 [Test worker] INFO org.springframework.boot.test.context.SpringBootTestContextBootstrapper - Neither @ContextConfiguration nor @ContextHierarchy found for test class [me.arok.springboot.domain.posts.PostsRepositoryTest], using SpringBootContextLoader
19:29:08.394 [Test worker] DEBUG org.springframework.test.context.support.AbstractContextLoader - Did not detect default resource location for test class [me.arok.springboot.domain.posts.PostsRepositoryTest]: class path resource [me/arok/springboot/domain/posts/PostsRepositoryTest-context.xml] does not exist
19:29:08.397 [Test worker] DEBUG org.springframework.test.context.support.AbstractContextLoader - Did not detect default resource location for test class [me.arok.springboot.domain.posts.PostsRepositoryTest]: class path resource [me/arok/springboot/domain/posts/PostsRepositoryTestContext.groovy] does not exist
19:29:08.398 [Test worker] INFO org.springframework.test.context.support.AbstractContextLoader - Could not detect default resource locations for test class [me.arok.springboot.domain.posts.PostsRepositoryTest]: no resource found for suffixes {-context.xml, Context.groovy}.
19:29:08.408 [Test worker] INFO org.springframework.test.context.support.AnnotationConfigContextLoaderUtils - Could not detect default configuration classes for test class [me.arok.springboot.domain.posts.PostsRepositoryTest]: PostsRepositoryTest does not declare any static, non-private, non-final, nested classes annotated with @Configuration.
19:29:08.487 [Test worker] DEBUG org.springframework.test.context.support.ActiveProfilesUtils - Could not find an 'annotation declaring class' for annotation type [org.springframework.test.context.ActiveProfiles] and class [me.arok.springboot.domain.posts.PostsRepositoryTest]
19:29:08.642 [Test worker] DEBUG org.springframework.context.annotation.ClassPathScanningCandidateComponentProvider - Identified candidate component class: file [/Users/joarok/Documents/workspace/springboot-gradle-aws/build/classes/java/main/me/arok/springboot/Application.class]
19:29:08.651 [Test worker] INFO org.springframework.boot.test.context.SpringBootTestContextBootstrapper - Found @SpringBootConfiguration me.arok.springboot.Application for test class me.arok.springboot.domain.posts.PostsRepositoryTest
19:29:08.838 [Test worker] DEBUG org.springframework.boot.test.context.SpringBootTestContextBootstrapper - @TestExecutionListeners is not present for class [me.arok.springboot.domain.posts.PostsRepositoryTest]: using defaults.
19:29:08.839 [Test worker] INFO org.springframework.boot.test.context.SpringBootTestContextBootstrapper - Loaded default TestExecutionListener class names from location [META-INF/spring.factories]: [org.springframework.boot.test.autoconfigure.restdocs.RestDocsTestExecutionListener, org.springframework.boot.test.autoconfigure.web.client.MockRestServiceServerResetTestExecutionListener, org.springframework.boot.test.autoconfigure.web.servlet.MockMvcPrintOnlyOnFailureTestExecutionListener, org.springframework.boot.test.autoconfigure.web.servlet.WebDriverTestExecutionListener, org.springframework.boot.test.mock.mockito.MockitoTestExecutionListener, org.springframework.boot.test.mock.mockito.ResetMocksTestExecutionListener, org.springframework.test.context.web.ServletTestExecutionListener, org.springframework.test.context.support.DirtiesContextBeforeModesTestExecutionListener, org.springframework.test.context.support.DependencyInjectionTestExecutionListener, org.springframework.test.context.support.DirtiesContextTestExecutionListener, org.springframework.test.context.transaction.TransactionalTestExecutionListener, org.springframework.test.context.jdbc.SqlScriptsTestExecutionListener]
19:29:08.865 [Test worker] INFO org.springframework.boot.test.context.SpringBootTestContextBootstrapper - Using TestExecutionListeners: [org.springframework.test.context.web.ServletTestExecutionListener@4a8b4801, org.springframework.test.context.support.DirtiesContextBeforeModesTestExecutionListener@6fc12f1a, org.springframework.boot.test.mock.mockito.MockitoTestExecutionListener@763a185, org.springframework.boot.test.autoconfigure.SpringBootDependencyInjectionTestExecutionListener@158a6d0d, org.springframework.test.context.support.DirtiesContextTestExecutionListener@5d1e4fd, org.springframework.test.context.transaction.TransactionalTestExecutionListener@630eb2a2, org.springframework.test.context.jdbc.SqlScriptsTestExecutionListener@79fb48cf, org.springframework.boot.test.autoconfigure.restdocs.RestDocsTestExecutionListener@3f5fa0f8, org.springframework.boot.test.autoconfigure.web.client.MockRestServiceServerResetTestExecutionListener@35a35de2, org.springframework.boot.test.autoconfigure.web.servlet.MockMvcPrintOnlyOnFailureTestExecutionListener@23ae6256, org.springframework.boot.test.autoconfigure.web.servlet.WebDriverTestExecutionListener@b0fbdc, org.springframework.boot.test.mock.mockito.ResetMocksTestExecutionListener@422ac352]
19:29:08.872 [Test worker] DEBUG org.springframework.test.annotation.ProfileValueUtils - Retrieved @ProfileValueSourceConfiguration [null] for test class [me.arok.springboot.domain.posts.PostsRepositoryTest]
19:29:08.874 [Test worker] DEBUG org.springframework.test.annotation.ProfileValueUtils - Retrieved ProfileValueSource type [class org.springframework.test.annotation.SystemProfileValueSource] for class [me.arok.springboot.domain.posts.PostsRepositoryTest]
19:29:08.882 [Test worker] DEBUG org.springframework.test.annotation.ProfileValueUtils - Retrieved @ProfileValueSourceConfiguration [null] for test class [me.arok.springboot.domain.posts.PostsRepositoryTest]
19:29:08.883 [Test worker] DEBUG org.springframework.test.annotation.ProfileValueUtils - Retrieved ProfileValueSource type [class org.springframework.test.annotation.SystemProfileValueSource] for class [me.arok.springboot.domain.posts.PostsRepositoryTest]
19:29:08.886 [Test worker] DEBUG org.springframework.test.annotation.ProfileValueUtils - Retrieved @ProfileValueSourceConfiguration [null] for test class [me.arok.springboot.domain.posts.PostsRepositoryTest]
19:29:08.886 [Test worker] DEBUG org.springframework.test.annotation.ProfileValueUtils - Retrieved ProfileValueSource type [class org.springframework.test.annotation.SystemProfileValueSource] for class [me.arok.springboot.domain.posts.PostsRepositoryTest]
19:29:08.893 [Test worker] DEBUG org.springframework.test.context.support.AbstractDirtiesContextTestExecutionListener - Before test class: context [DefaultTestContext@7ef814dc testClass = PostsRepositoryTest, testInstance = [null], testMethod = [null], testException = [null], mergedContextConfiguration = [WebMergedContextConfiguration@65874730 testClass = PostsRepositoryTest, locations = '{}', classes = '{class me.arok.springboot.Application}', contextInitializerClasses = '[]', activeProfiles = '{}', propertySourceLocations = '{}', propertySourceProperties = '{org.springframework.boot.test.context.SpringBootTestContextBootstrapper=true}', contextCustomizers = set[org.springframework.boot.test.autoconfigure.properties.PropertyMappingContextCustomizer@0, org.springframework.boot.test.autoconfigure.web.servlet.WebDriverContextCustomizerFactory$Customizer@3e2d13ba, org.springframework.boot.test.context.filter.ExcludeFilterContextCustomizer@6c22b0e7, org.springframework.boot.test.json.DuplicateJsonObjectContextCustomizerFactory$DuplicateJsonObjectContextCustomizer@5466d12c, org.springframework.boot.test.mock.mockito.MockitoContextCustomizer@0, org.springframework.boot.test.web.client.TestRestTemplateContextCustomizer@378316d5], resourceBasePath = 'src/main/webapp', contextLoader = 'org.springframework.boot.test.context.SpringBootContextLoader', parent = [null]], attributes = map['org.springframework.test.context.web.ServletTestExecutionListener.activateListener' -> true]], class annotated with @DirtiesContext [false] with mode [null].
19:29:08.894 [Test worker] DEBUG org.springframework.test.annotation.ProfileValueUtils - Retrieved @ProfileValueSourceConfiguration [null] for test class [me.arok.springboot.domain.posts.PostsRepositoryTest]
19:29:08.895 [Test worker] DEBUG org.springframework.test.annotation.ProfileValueUtils - Retrieved ProfileValueSource type [class org.springframework.test.annotation.SystemProfileValueSource] for class [me.arok.springboot.domain.posts.PostsRepositoryTest]
19:29:08.951 [Test worker] DEBUG org.springframework.test.context.support.TestPropertySourceUtils - Adding inlined properties to environment: {spring.jmx.enabled=false, org.springframework.boot.test.context.SpringBootTestContextBootstrapper=true, server.port=-1}

  .   ____          _            __ _ _
 /\\ / ___'_ __ _ _(_)_ __  __ _ \ \ \ \
( ( )\___ | '_ | '_| | '_ \/ _` | \ \ \ \
 \\/  ___)| |_)| | | | | || (_| |  ) ) ) )
  '  |____| .__|_| |_|_| |_\__, | / / / /
 =========|_|==============|___/=/_/_/_/
?[32m :: Spring Boot :: ?[39m      ?[2m (v2.1.7.RELEASE)?[0;39m

?[2m2020-09-06 19:29:09.813?[0;39m ?[32m INFO?[0;39m ?[35m11236?[0;39m ?[2m---?[0;39m ?[2m[    Test worker]?[0;39m ?[36mm.a.s.domain.posts.PostsRepositoryTest  ?[0;39m ?[2m:?[0;39m Starting PostsRepositoryTest on jojaemin-ui-MacBook-Pro.local with PID 11236 (started by joarok in /Users/joarok/Documents/workspace/springboot-gradle-aws)
?[2m2020-09-06 19:29:09.815?[0;39m ?[32m INFO?[0;39m ?[35m11236?[0;39m ?[2m---?[0;39m ?[2m[    Test worker]?[0;39m ?[36mm.a.s.domain.posts.PostsRepositoryTest  ?[0;39m ?[2m:?[0;39m No active profile set, falling back to default profiles: default
?[2m2020-09-06 19:29:11.047?[0;39m ?[32m INFO?[0;39m ?[35m11236?[0;39m ?[2m---?[0;39m ?[2m[    Test worker]?[0;39m ?[36m.s.d.r.c.RepositoryConfigurationDelegate?[0;39m ?[2m:?[0;39m Bootstrapping Spring Data repositories in DEFAULT mode.
?[2m2020-09-06 19:29:11.211?[0;39m ?[32m INFO?[0;39m ?[35m11236?[0;39m ?[2m---?[0;39m ?[2m[    Test worker]?[0;39m ?[36m.s.d.r.c.RepositoryConfigurationDelegate?[0;39m ?[2m:?[0;39m Finished Spring Data repository scanning in 129ms. Found 1 repository interfaces.
?[2m2020-09-06 19:29:11.911?[0;39m ?[32m INFO?[0;39m ?[35m11236?[0;39m ?[2m---?[0;39m ?[2m[    Test worker]?[0;39m ?[36mtrationDelegate$BeanPostProcessorChecker?[0;39m ?[2m:?[0;39m Bean 'org.springframework.transaction.annotation.ProxyTransactionManagementConfiguration' of type [org.springframework.transaction.annotation.ProxyTransactionManagementConfiguration$$EnhancerBySpringCGLIB$$a89fdb40] is not eligible for getting processed by all BeanPostProcessors (for example: not eligible for auto-proxying)
?[2m2020-09-06 19:29:12.280?[0;39m ?[32m INFO?[0;39m ?[35m11236?[0;39m ?[2m---?[0;39m ?[2m[    Test worker]?[0;39m ?[36mcom.zaxxer.hikari.HikariDataSource      ?[0;39m ?[2m:?[0;39m HikariPool-1 - Starting...
?[2m2020-09-06 19:29:12.498?[0;39m ?[32m INFO?[0;39m ?[35m11236?[0;39m ?[2m---?[0;39m ?[2m[    Test worker]?[0;39m ?[36mcom.zaxxer.hikari.HikariDataSource      ?[0;39m ?[2m:?[0;39m HikariPool-1 - Start completed.
?[2m2020-09-06 19:29:12.723?[0;39m ?[32m INFO?[0;39m ?[35m11236?[0;39m ?[2m---?[0;39m ?[2m[    Test worker]?[0;39m ?[36mo.hibernate.jpa.internal.util.LogHelper ?[0;39m ?[2m:?[0;39m HHH000204: Processing PersistenceUnitInfo [
	name: default
	...]
?[2m2020-09-06 19:29:12.853?[0;39m ?[32m INFO?[0;39m ?[35m11236?[0;39m ?[2m---?[0;39m ?[2m[    Test worker]?[0;39m ?[36morg.hibernate.Version                   ?[0;39m ?[2m:?[0;39m HHH000412: Hibernate Core {5.3.10.Final}
?[2m2020-09-06 19:29:12.855?[0;39m ?[32m INFO?[0;39m ?[35m11236?[0;39m ?[2m---?[0;39m ?[2m[    Test worker]?[0;39m ?[36morg.hibernate.cfg.Environment           ?[0;39m ?[2m:?[0;39m HHH000206: hibernate.properties not found
?[2m2020-09-06 19:29:13.132?[0;39m ?[32m INFO?[0;39m ?[35m11236?[0;39m ?[2m---?[0;39m ?[2m[    Test worker]?[0;39m ?[36mo.hibernate.annotations.common.Version  ?[0;39m ?[2m:?[0;39m HCANN000001: Hibernate Commons Annotations {5.0.4.Final}
?[2m2020-09-06 19:29:13.393?[0;39m ?[32m INFO?[0;39m ?[35m11236?[0;39m ?[2m---?[0;39m ?[2m[    Test worker]?[0;39m ?[36morg.hibernate.dialect.Dialect           ?[0;39m ?[2m:?[0;39m HHH000400: Using dialect: org.hibernate.dialect.MySQL5InnoDBDialect
Hibernate: drop table if exists posts
Hibernate: create table posts (id bigint not null auto_increment, created_date datetime, modified_date datetime, author varchar(255), content TEXT not null, title varchar(500) not null, primary key (id)) engine=InnoDB
?[2m2020-09-06 19:29:14.444?[0;39m ?[32m INFO?[0;39m ?[35m11236?[0;39m ?[2m---?[0;39m ?[2m[    Test worker]?[0;39m ?[36mo.h.t.schema.internal.SchemaCreatorImpl ?[0;39m ?[2m:?[0;39m HHH000476: Executing import script 'org.hibernate.tool.schema.internal.exec.ScriptSourceInputNonExistentImpl@1f36f2a9'
?[2m2020-09-06 19:29:14.449?[0;39m ?[32m INFO?[0;39m ?[35m11236?[0;39m ?[2m---?[0;39m ?[2m[    Test worker]?[0;39m ?[36mj.LocalContainerEntityManagerFactoryBean?[0;39m ?[2m:?[0;39m Initialized JPA EntityManagerFactory for persistence unit 'default'
?[2m2020-09-06 19:29:15.776?[0;39m ?[32m INFO?[0;39m ?[35m11236?[0;39m ?[2m---?[0;39m ?[2m[    Test worker]?[0;39m ?[36mo.s.s.concurrent.ThreadPoolTaskExecutor ?[0;39m ?[2m:?[0;39m Initializing ExecutorService 'applicationTaskExecutor'
?[2m2020-09-06 19:29:15.860?[0;39m ?[33m WARN?[0;39m ?[35m11236?[0;39m ?[2m---?[0;39m ?[2m[    Test worker]?[0;39m ?[36maWebConfiguration$JpaWebMvcConfiguration?[0;39m ?[2m:?[0;39m spring.jpa.open-in-view is enabled by default. Therefore, database queries may be performed during view rendering. Explicitly configure spring.jpa.open-in-view to disable this warning
?[2m2020-09-06 19:29:16.345?[0;39m ?[32m INFO?[0;39m ?[35m11236?[0;39m ?[2m---?[0;39m ?[2m[    Test worker]?[0;39m ?[36mm.a.s.domain.posts.PostsRepositoryTest  ?[0;39m ?[2m:?[0;39m Started PostsRepositoryTest in 7.377 seconds (JVM running for 9.261)
Hibernate: insert into posts (created_date, modified_date, author, content, title) values (?, ?, ?, ?, ?)
?[2m2020-09-06 19:29:16.790?[0;39m ?[32m INFO?[0;39m ?[35m11236?[0;39m ?[2m---?[0;39m ?[2m[    Test worker]?[0;39m ?[36mo.h.h.i.QueryTranslatorFactoryInitiator ?[0;39m ?[2m:?[0;39m HHH000397: Using ASTQueryTranslatorFactory
Hibernate: select posts0_.id as id1_0_, posts0_.created_date as created_2_0_, posts0_.modified_date as modified3_0_, posts0_.author as author4_0_, posts0_.content as content5_0_, posts0_.title as title6_0_ from posts posts0_
>>>>>>>>>> createDate=2020-09-06T19:29:16.654135, modifiedDate=2020-09-06T19:29:16.654135
Hibernate: select posts0_.id as id1_0_, posts0_.created_date as created_2_0_, posts0_.modified_date as modified3_0_, posts0_.author as author4_0_, posts0_.content as content5_0_, posts0_.title as title6_0_ from posts posts0_
Hibernate: delete from posts where id=?
]]></system-out>
  <system-err><![CDATA[]]></system-err>
</testsuite>
