<?xml version="1.0" encoding="UTF-8"?>
<testsuite name="me.arok.springboot.web.IndexControllerTest" tests="1" skipped="0" failures="0" errors="0" timestamp="2020-09-13T08:42:38" hostname="jojaemin-ui-MacBook-Pro.local" time="0.493">
  <properties/>
  <testcase name="mainPage_loading" classname="me.arok.springboot.web.IndexControllerTest" time="0.493"/>
  <system-out><![CDATA[?[2m2020-09-13 17:42:28.896?[0;39m ?[32m INFO?[0;39m ?[35m24028?[0;39m ?[2m---?[0;39m ?[2m[    Test worker]?[0;39m ?[36m.b.t.c.SpringBootTestContextBootstrapper?[0;39m ?[2m:?[0;39m Neither @ContextConfiguration nor @ContextHierarchy found for test class [me.arok.springboot.web.IndexControllerTest], using SpringBootContextLoader
?[2m2020-09-13 17:42:28.911?[0;39m ?[32m INFO?[0;39m ?[35m24028?[0;39m ?[2m---?[0;39m ?[2m[    Test worker]?[0;39m ?[36mo.s.t.c.support.AbstractContextLoader   ?[0;39m ?[2m:?[0;39m Could not detect default resource locations for test class [me.arok.springboot.web.IndexControllerTest]: no resource found for suffixes {-context.xml, Context.groovy}.
?[2m2020-09-13 17:42:28.992?[0;39m ?[32m INFO?[0;39m ?[35m24028?[0;39m ?[2m---?[0;39m ?[2m[    Test worker]?[0;39m ?[36mt.c.s.AnnotationConfigContextLoaderUtils?[0;39m ?[2m:?[0;39m Could not detect default configuration classes for test class [me.arok.springboot.web.IndexControllerTest]: IndexControllerTest does not declare any static, non-private, non-final, nested classes annotated with @Configuration.
?[2m2020-09-13 17:42:29.014?[0;39m ?[32m INFO?[0;39m ?[35m24028?[0;39m ?[2m---?[0;39m ?[2m[    Test worker]?[0;39m ?[36m.b.t.c.SpringBootTestContextBootstrapper?[0;39m ?[2m:?[0;39m Found @SpringBootConfiguration me.arok.springboot.Application for test class me.arok.springboot.web.IndexControllerTest
?[2m2020-09-13 17:42:29.031?[0;39m ?[32m INFO?[0;39m ?[35m24028?[0;39m ?[2m---?[0;39m ?[2m[    Test worker]?[0;39m ?[36m.b.t.c.SpringBootTestContextBootstrapper?[0;39m ?[2m:?[0;39m Loaded default TestExecutionListener class names from location [META-INF/spring.factories]: [org.springframework.security.test.context.support.WithSecurityContextTestExecutionListener, org.springframework.security.test.context.support.ReactorContextTestExecutionListener, org.springframework.boot.test.autoconfigure.restdocs.RestDocsTestExecutionListener, org.springframework.boot.test.autoconfigure.web.client.MockRestServiceServerResetTestExecutionListener, org.springframework.boot.test.autoconfigure.web.servlet.MockMvcPrintOnlyOnFailureTestExecutionListener, org.springframework.boot.test.autoconfigure.web.servlet.WebDriverTestExecutionListener, org.springframework.boot.test.mock.mockito.MockitoTestExecutionListener, org.springframework.boot.test.mock.mockito.ResetMocksTestExecutionListener, org.springframework.test.context.web.ServletTestExecutionListener, org.springframework.test.context.support.DirtiesContextBeforeModesTestExecutionListener, org.springframework.test.context.support.DependencyInjectionTestExecutionListener, org.springframework.test.context.support.DirtiesContextTestExecutionListener, org.springframework.test.context.transaction.TransactionalTestExecutionListener, org.springframework.test.context.jdbc.SqlScriptsTestExecutionListener]
?[2m2020-09-13 17:42:29.037?[0;39m ?[32m INFO?[0;39m ?[35m24028?[0;39m ?[2m---?[0;39m ?[2m[    Test worker]?[0;39m ?[36m.b.t.c.SpringBootTestContextBootstrapper?[0;39m ?[2m:?[0;39m Using TestExecutionListeners: [org.springframework.test.context.web.ServletTestExecutionListener@3b14fdc8, org.springframework.test.context.support.DirtiesContextBeforeModesTestExecutionListener@596f5204, org.springframework.boot.test.mock.mockito.MockitoTestExecutionListener@46321d98, org.springframework.boot.test.autoconfigure.SpringBootDependencyInjectionTestExecutionListener@3a6bcdfd, org.springframework.test.context.support.DirtiesContextTestExecutionListener@268d8dc5, org.springframework.test.context.transaction.TransactionalTestExecutionListener@5510462, org.springframework.test.context.jdbc.SqlScriptsTestExecutionListener@5359078d, org.springframework.security.test.context.support.WithSecurityContextTestExecutionListener@37393c3e, org.springframework.security.test.context.support.ReactorContextTestExecutionListener@7d906cb9, org.springframework.boot.test.autoconfigure.restdocs.RestDocsTestExecutionListener@706f157d, org.springframework.boot.test.autoconfigure.web.client.MockRestServiceServerResetTestExecutionListener@6b111192, org.springframework.boot.test.autoconfigure.web.servlet.MockMvcPrintOnlyOnFailureTestExecutionListener@15b70802, org.springframework.boot.test.autoconfigure.web.servlet.WebDriverTestExecutionListener@6b3c5ba9, org.springframework.boot.test.mock.mockito.ResetMocksTestExecutionListener@63f06f4e]

  .   ____          _            __ _ _
 /\\ / ___'_ __ _ _(_)_ __  __ _ \ \ \ \
( ( )\___ | '_ | '_| | '_ \/ _` | \ \ \ \
 \\/  ___)| |_)| | | | | || (_| |  ) ) ) )
  '  |____| .__|_| |_|_| |_\__, | / / / /
 =========|_|==============|___/=/_/_/_/
?[32m :: Spring Boot :: ?[39m      ?[2m (v2.1.7.RELEASE)?[0;39m

?[2m2020-09-13 17:42:29.148?[0;39m ?[32m INFO?[0;39m ?[35m24028?[0;39m ?[2m---?[0;39m ?[2m[    Test worker]?[0;39m ?[36mm.a.springboot.web.IndexControllerTest  ?[0;39m ?[2m:?[0;39m Starting IndexControllerTest on jojaemin-ui-MacBook-Pro.local with PID 24028 (started by joarok in /Users/joarok/Documents/workspace/springboot-gradle-aws)
?[2m2020-09-13 17:42:29.151?[0;39m ?[32m INFO?[0;39m ?[35m24028?[0;39m ?[2m---?[0;39m ?[2m[    Test worker]?[0;39m ?[36mm.a.springboot.web.IndexControllerTest  ?[0;39m ?[2m:?[0;39m No active profile set, falling back to default profiles: default
?[2m2020-09-13 17:42:30.077?[0;39m ?[32m INFO?[0;39m ?[35m24028?[0;39m ?[2m---?[0;39m ?[2m[    Test worker]?[0;39m ?[36m.s.d.r.c.RepositoryConfigurationDelegate?[0;39m ?[2m:?[0;39m Bootstrapping Spring Data repositories in DEFAULT mode.
?[2m2020-09-13 17:42:30.246?[0;39m ?[32m INFO?[0;39m ?[35m24028?[0;39m ?[2m---?[0;39m ?[2m[    Test worker]?[0;39m ?[36m.s.d.r.c.RepositoryConfigurationDelegate?[0;39m ?[2m:?[0;39m Finished Spring Data repository scanning in 137ms. Found 2 repository interfaces.
?[2m2020-09-13 17:42:30.943?[0;39m ?[32m INFO?[0;39m ?[35m24028?[0;39m ?[2m---?[0;39m ?[2m[    Test worker]?[0;39m ?[36mtrationDelegate$BeanPostProcessorChecker?[0;39m ?[2m:?[0;39m Bean 'org.springframework.transaction.annotation.ProxyTransactionManagementConfiguration' of type [org.springframework.transaction.annotation.ProxyTransactionManagementConfiguration$$EnhancerBySpringCGLIB$$ac8f53d] is not eligible for getting processed by all BeanPostProcessors (for example: not eligible for auto-proxying)
?[2m2020-09-13 17:42:31.602?[0;39m ?[32m INFO?[0;39m ?[35m24028?[0;39m ?[2m---?[0;39m ?[2m[    Test worker]?[0;39m ?[36mo.s.b.w.embedded.tomcat.TomcatWebServer ?[0;39m ?[2m:?[0;39m Tomcat initialized with port(s): 0 (http)
?[2m2020-09-13 17:42:31.683?[0;39m ?[32m INFO?[0;39m ?[35m24028?[0;39m ?[2m---?[0;39m ?[2m[    Test worker]?[0;39m ?[36mo.apache.catalina.core.StandardService  ?[0;39m ?[2m:?[0;39m Starting service [Tomcat]
?[2m2020-09-13 17:42:31.684?[0;39m ?[32m INFO?[0;39m ?[35m24028?[0;39m ?[2m---?[0;39m ?[2m[    Test worker]?[0;39m ?[36morg.apache.catalina.core.StandardEngine ?[0;39m ?[2m:?[0;39m Starting Servlet engine: [Apache Tomcat/9.0.22]
?[2m2020-09-13 17:42:32.045?[0;39m ?[32m INFO?[0;39m ?[35m24028?[0;39m ?[2m---?[0;39m ?[2m[    Test worker]?[0;39m ?[36mo.a.c.c.C.[Tomcat].[localhost].[/]      ?[0;39m ?[2m:?[0;39m Initializing Spring embedded WebApplicationContext
?[2m2020-09-13 17:42:32.045?[0;39m ?[32m INFO?[0;39m ?[35m24028?[0;39m ?[2m---?[0;39m ?[2m[    Test worker]?[0;39m ?[36mo.s.web.context.ContextLoader           ?[0;39m ?[2m:?[0;39m Root WebApplicationContext: initialization completed in 2885 ms
?[2m2020-09-13 17:42:32.626?[0;39m ?[32m INFO?[0;39m ?[35m24028?[0;39m ?[2m---?[0;39m ?[2m[    Test worker]?[0;39m ?[36mcom.zaxxer.hikari.HikariDataSource      ?[0;39m ?[2m:?[0;39m HikariPool-1 - Starting...
?[2m2020-09-13 17:42:33.085?[0;39m ?[32m INFO?[0;39m ?[35m24028?[0;39m ?[2m---?[0;39m ?[2m[    Test worker]?[0;39m ?[36mcom.zaxxer.hikari.HikariDataSource      ?[0;39m ?[2m:?[0;39m HikariPool-1 - Start completed.
?[2m2020-09-13 17:42:33.360?[0;39m ?[32m INFO?[0;39m ?[35m24028?[0;39m ?[2m---?[0;39m ?[2m[    Test worker]?[0;39m ?[36mo.hibernate.jpa.internal.util.LogHelper ?[0;39m ?[2m:?[0;39m HHH000204: Processing PersistenceUnitInfo [
	name: default
	...]
?[2m2020-09-13 17:42:33.578?[0;39m ?[32m INFO?[0;39m ?[35m24028?[0;39m ?[2m---?[0;39m ?[2m[    Test worker]?[0;39m ?[36morg.hibernate.Version                   ?[0;39m ?[2m:?[0;39m HHH000412: Hibernate Core {5.3.10.Final}
?[2m2020-09-13 17:42:33.583?[0;39m ?[32m INFO?[0;39m ?[35m24028?[0;39m ?[2m---?[0;39m ?[2m[    Test worker]?[0;39m ?[36morg.hibernate.cfg.Environment           ?[0;39m ?[2m:?[0;39m HHH000206: hibernate.properties not found
?[2m2020-09-13 17:42:33.726?[0;39m ?[32m INFO?[0;39m ?[35m24028?[0;39m ?[2m---?[0;39m ?[2m[    Test worker]?[0;39m ?[36mo.hibernate.annotations.common.Version  ?[0;39m ?[2m:?[0;39m HCANN000001: Hibernate Commons Annotations {5.0.4.Final}
?[2m2020-09-13 17:42:34.120?[0;39m ?[32m INFO?[0;39m ?[35m24028?[0;39m ?[2m---?[0;39m ?[2m[    Test worker]?[0;39m ?[36morg.hibernate.dialect.Dialect           ?[0;39m ?[2m:?[0;39m HHH000400: Using dialect: org.hibernate.dialect.MySQL5InnoDBDialect
Hibernate: drop table if exists posts
Hibernate: drop table if exists user
Hibernate: create table posts (id bigint not null auto_increment, created_date datetime, modified_date datetime, author varchar(255), content TEXT not null, title varchar(500) not null, primary key (id)) engine=InnoDB
Hibernate: create table user (id bigint not null auto_increment, created_date datetime, modified_date datetime, email varchar(255) not null, name varchar(255) not null, picture varchar(255), role varchar(255) not null, primary key (id)) engine=InnoDB
?[2m2020-09-13 17:42:35.463?[0;39m ?[32m INFO?[0;39m ?[35m24028?[0;39m ?[2m---?[0;39m ?[2m[    Test worker]?[0;39m ?[36mo.h.t.schema.internal.SchemaCreatorImpl ?[0;39m ?[2m:?[0;39m HHH000476: Executing import script 'org.hibernate.tool.schema.internal.exec.ScriptSourceInputNonExistentImpl@4a993d1a'
?[2m2020-09-13 17:42:35.470?[0;39m ?[32m INFO?[0;39m ?[35m24028?[0;39m ?[2m---?[0;39m ?[2m[    Test worker]?[0;39m ?[36mj.LocalContainerEntityManagerFactoryBean?[0;39m ?[2m:?[0;39m Initialized JPA EntityManagerFactory for persistence unit 'default'
?[2m2020-09-13 17:42:36.818?[0;39m ?[32m INFO?[0;39m ?[35m24028?[0;39m ?[2m---?[0;39m ?[2m[    Test worker]?[0;39m ?[36mo.h.h.i.QueryTranslatorFactoryInitiator ?[0;39m ?[2m:?[0;39m HHH000397: Using ASTQueryTranslatorFactory
?[2m2020-09-13 17:42:37.462?[0;39m ?[32m INFO?[0;39m ?[35m24028?[0;39m ?[2m---?[0;39m ?[2m[    Test worker]?[0;39m ?[36mo.s.s.web.DefaultSecurityFilterChain    ?[0;39m ?[2m:?[0;39m Creating filter chain: any request, [org.springframework.security.web.context.request.async.WebAsyncManagerIntegrationFilter@57f145de, org.springframework.security.web.context.SecurityContextPersistenceFilter@e4c8dbf, org.springframework.security.web.header.HeaderWriterFilter@38dc6ef1, org.springframework.security.web.authentication.logout.LogoutFilter@2fdd3a1e, org.springframework.security.oauth2.client.web.OAuth2AuthorizationRequestRedirectFilter@fd50e90, org.springframework.security.oauth2.client.web.OAuth2LoginAuthenticationFilter@4eb83cfe, org.springframework.security.web.authentication.ui.DefaultLoginPageGeneratingFilter@45166676, org.springframework.security.web.authentication.ui.DefaultLogoutPageGeneratingFilter@58fdb621, org.springframework.security.web.savedrequest.RequestCacheAwareFilter@531594ec, org.springframework.security.web.servletapi.SecurityContextHolderAwareRequestFilter@865c399, org.springframework.security.web.authentication.AnonymousAuthenticationFilter@34824974, org.springframework.security.web.session.SessionManagementFilter@27ad5279, org.springframework.security.web.access.ExceptionTranslationFilter@58e0bc96, org.springframework.security.web.access.intercept.FilterSecurityInterceptor@4d8b7e60]
?[2m2020-09-13 17:42:37.816?[0;39m ?[32m INFO?[0;39m ?[35m24028?[0;39m ?[2m---?[0;39m ?[2m[    Test worker]?[0;39m ?[36mo.s.s.concurrent.ThreadPoolTaskExecutor ?[0;39m ?[2m:?[0;39m Initializing ExecutorService 'applicationTaskExecutor'
?[2m2020-09-13 17:42:37.841?[0;39m ?[33m WARN?[0;39m ?[35m24028?[0;39m ?[2m---?[0;39m ?[2m[    Test worker]?[0;39m ?[36maWebConfiguration$JpaWebMvcConfiguration?[0;39m ?[2m:?[0;39m spring.jpa.open-in-view is enabled by default. Therefore, database queries may be performed during view rendering. Explicitly configure spring.jpa.open-in-view to disable this warning
?[2m2020-09-13 17:42:37.895?[0;39m ?[32m INFO?[0;39m ?[35m24028?[0;39m ?[2m---?[0;39m ?[2m[    Test worker]?[0;39m ?[36mo.s.b.a.w.s.WelcomePageHandlerMapping   ?[0;39m ?[2m:?[0;39m Adding welcome page template: index
?[2m2020-09-13 17:42:38.504?[0;39m ?[32m INFO?[0;39m ?[35m24028?[0;39m ?[2m---?[0;39m ?[2m[    Test worker]?[0;39m ?[36ms.a.ScheduledAnnotationBeanPostProcessor?[0;39m ?[2m:?[0;39m No TaskScheduler/ScheduledExecutorService bean found for scheduled processing
?[2m2020-09-13 17:42:38.566?[0;39m ?[32m INFO?[0;39m ?[35m24028?[0;39m ?[2m---?[0;39m ?[2m[    Test worker]?[0;39m ?[36mo.s.b.w.embedded.tomcat.TomcatWebServer ?[0;39m ?[2m:?[0;39m Tomcat started on port(s): 54718 (http) with context path ''
?[2m2020-09-13 17:42:38.570?[0;39m ?[32m INFO?[0;39m ?[35m24028?[0;39m ?[2m---?[0;39m ?[2m[    Test worker]?[0;39m ?[36mm.a.springboot.web.IndexControllerTest  ?[0;39m ?[2m:?[0;39m Started IndexControllerTest in 9.512 seconds (JVM running for 20.391)
?[2m2020-09-13 17:42:38.825?[0;39m ?[32m INFO?[0;39m ?[35m24028?[0;39m ?[2m---?[0;39m ?[2m[o-auto-1-exec-1]?[0;39m ?[36mo.a.c.c.C.[Tomcat].[localhost].[/]      ?[0;39m ?[2m:?[0;39m Initializing Spring DispatcherServlet 'dispatcherServlet'
?[2m2020-09-13 17:42:38.825?[0;39m ?[32m INFO?[0;39m ?[35m24028?[0;39m ?[2m---?[0;39m ?[2m[o-auto-1-exec-1]?[0;39m ?[36mo.s.web.servlet.DispatcherServlet       ?[0;39m ?[2m:?[0;39m Initializing Servlet 'dispatcherServlet'
?[2m2020-09-13 17:42:38.870?[0;39m ?[32m INFO?[0;39m ?[35m24028?[0;39m ?[2m---?[0;39m ?[2m[o-auto-1-exec-1]?[0;39m ?[36mo.s.web.servlet.DispatcherServlet       ?[0;39m ?[2m:?[0;39m Completed initialization in 45 ms
Hibernate: select posts0_.id as id1_0_, posts0_.created_date as created_2_0_, posts0_.modified_date as modified3_0_, posts0_.author as author4_0_, posts0_.content as content5_0_, posts0_.title as title6_0_ from posts posts0_ order by posts0_.id DESC
]]></system-out>
  <system-err><![CDATA[]]></system-err>
</testsuite>
