<?xml version="1.0" encoding="UTF-8"?>
<testsuite name="me.arok.springboot.web.IndexControllerTest" tests="1" skipped="0" failures="0" errors="0" timestamp="2020-09-07T07:06:47" hostname="jojaemin-ui-MacBook-Pro.local" time="0.7">
  <properties/>
  <testcase name="mainPage_loading" classname="me.arok.springboot.web.IndexControllerTest" time="0.7"/>
  <system-out><![CDATA[16:06:36.721 [Test worker] DEBUG org.springframework.test.context.junit4.SpringJUnit4ClassRunner - SpringJUnit4ClassRunner constructor called with [class me.arok.springboot.web.IndexControllerTest]
16:06:36.743 [Test worker] DEBUG org.springframework.test.context.BootstrapUtils - Instantiating CacheAwareContextLoaderDelegate from class [org.springframework.test.context.cache.DefaultCacheAwareContextLoaderDelegate]
16:06:36.781 [Test worker] DEBUG org.springframework.test.context.BootstrapUtils - Instantiating BootstrapContext using constructor [public org.springframework.test.context.support.DefaultBootstrapContext(java.lang.Class,org.springframework.test.context.CacheAwareContextLoaderDelegate)]
16:06:36.825 [Test worker] DEBUG org.springframework.test.context.BootstrapUtils - Instantiating TestContextBootstrapper for test class [me.arok.springboot.web.IndexControllerTest] from class [org.springframework.boot.test.context.SpringBootTestContextBootstrapper]
16:06:36.859 [Test worker] INFO org.springframework.boot.test.context.SpringBootTestContextBootstrapper - Neither @ContextConfiguration nor @ContextHierarchy found for test class [me.arok.springboot.web.IndexControllerTest], using SpringBootContextLoader
16:06:36.872 [Test worker] DEBUG org.springframework.test.context.support.AbstractContextLoader - Did not detect default resource location for test class [me.arok.springboot.web.IndexControllerTest]: class path resource [me/arok/springboot/web/IndexControllerTest-context.xml] does not exist
16:06:36.873 [Test worker] DEBUG org.springframework.test.context.support.AbstractContextLoader - Did not detect default resource location for test class [me.arok.springboot.web.IndexControllerTest]: class path resource [me/arok/springboot/web/IndexControllerTestContext.groovy] does not exist
16:06:36.875 [Test worker] INFO org.springframework.test.context.support.AbstractContextLoader - Could not detect default resource locations for test class [me.arok.springboot.web.IndexControllerTest]: no resource found for suffixes {-context.xml, Context.groovy}.
16:06:36.879 [Test worker] INFO org.springframework.test.context.support.AnnotationConfigContextLoaderUtils - Could not detect default configuration classes for test class [me.arok.springboot.web.IndexControllerTest]: IndexControllerTest does not declare any static, non-private, non-final, nested classes annotated with @Configuration.
16:06:37.070 [Test worker] DEBUG org.springframework.test.context.support.ActiveProfilesUtils - Could not find an 'annotation declaring class' for annotation type [org.springframework.test.context.ActiveProfiles] and class [me.arok.springboot.web.IndexControllerTest]
16:06:37.304 [Test worker] DEBUG org.springframework.context.annotation.ClassPathScanningCandidateComponentProvider - Identified candidate component class: file [/Users/joarok/Documents/workspace/springboot-gradle-aws/build/classes/java/main/me/arok/springboot/Application.class]
16:06:37.313 [Test worker] INFO org.springframework.boot.test.context.SpringBootTestContextBootstrapper - Found @SpringBootConfiguration me.arok.springboot.Application for test class me.arok.springboot.web.IndexControllerTest
16:06:37.589 [Test worker] DEBUG org.springframework.boot.test.context.SpringBootTestContextBootstrapper - @TestExecutionListeners is not present for class [me.arok.springboot.web.IndexControllerTest]: using defaults.
16:06:37.590 [Test worker] INFO org.springframework.boot.test.context.SpringBootTestContextBootstrapper - Loaded default TestExecutionListener class names from location [META-INF/spring.factories]: [org.springframework.boot.test.autoconfigure.restdocs.RestDocsTestExecutionListener, org.springframework.boot.test.autoconfigure.web.client.MockRestServiceServerResetTestExecutionListener, org.springframework.boot.test.autoconfigure.web.servlet.MockMvcPrintOnlyOnFailureTestExecutionListener, org.springframework.boot.test.autoconfigure.web.servlet.WebDriverTestExecutionListener, org.springframework.boot.test.mock.mockito.MockitoTestExecutionListener, org.springframework.boot.test.mock.mockito.ResetMocksTestExecutionListener, org.springframework.test.context.web.ServletTestExecutionListener, org.springframework.test.context.support.DirtiesContextBeforeModesTestExecutionListener, org.springframework.test.context.support.DependencyInjectionTestExecutionListener, org.springframework.test.context.support.DirtiesContextTestExecutionListener, org.springframework.test.context.transaction.TransactionalTestExecutionListener, org.springframework.test.context.jdbc.SqlScriptsTestExecutionListener]
16:06:37.626 [Test worker] INFO org.springframework.boot.test.context.SpringBootTestContextBootstrapper - Using TestExecutionListeners: [org.springframework.test.context.web.ServletTestExecutionListener@4531c701, org.springframework.test.context.support.DirtiesContextBeforeModesTestExecutionListener@69e4953a, org.springframework.boot.test.mock.mockito.MockitoTestExecutionListener@70781280, org.springframework.boot.test.autoconfigure.SpringBootDependencyInjectionTestExecutionListener@13db921a, org.springframework.test.context.support.DirtiesContextTestExecutionListener@581946af, org.springframework.test.context.transaction.TransactionalTestExecutionListener@159945d3, org.springframework.test.context.jdbc.SqlScriptsTestExecutionListener@2545a9f2, org.springframework.boot.test.autoconfigure.restdocs.RestDocsTestExecutionListener@6a41b402, org.springframework.boot.test.autoconfigure.web.client.MockRestServiceServerResetTestExecutionListener@78ffbbdb, org.springframework.boot.test.autoconfigure.web.servlet.MockMvcPrintOnlyOnFailureTestExecutionListener@2717deca, org.springframework.boot.test.autoconfigure.web.servlet.WebDriverTestExecutionListener@2f95e9e3, org.springframework.boot.test.mock.mockito.ResetMocksTestExecutionListener@4893b9b7]
16:06:37.632 [Test worker] DEBUG org.springframework.test.annotation.ProfileValueUtils - Retrieved @ProfileValueSourceConfiguration [null] for test class [me.arok.springboot.web.IndexControllerTest]
16:06:37.636 [Test worker] DEBUG org.springframework.test.annotation.ProfileValueUtils - Retrieved ProfileValueSource type [class org.springframework.test.annotation.SystemProfileValueSource] for class [me.arok.springboot.web.IndexControllerTest]
16:06:37.641 [Test worker] DEBUG org.springframework.test.annotation.ProfileValueUtils - Retrieved @ProfileValueSourceConfiguration [null] for test class [me.arok.springboot.web.IndexControllerTest]
16:06:37.643 [Test worker] DEBUG org.springframework.test.annotation.ProfileValueUtils - Retrieved ProfileValueSource type [class org.springframework.test.annotation.SystemProfileValueSource] for class [me.arok.springboot.web.IndexControllerTest]
16:06:37.645 [Test worker] DEBUG org.springframework.test.annotation.ProfileValueUtils - Retrieved @ProfileValueSourceConfiguration [null] for test class [me.arok.springboot.web.IndexControllerTest]
16:06:37.645 [Test worker] DEBUG org.springframework.test.annotation.ProfileValueUtils - Retrieved ProfileValueSource type [class org.springframework.test.annotation.SystemProfileValueSource] for class [me.arok.springboot.web.IndexControllerTest]
16:06:37.656 [Test worker] DEBUG org.springframework.test.context.support.AbstractDirtiesContextTestExecutionListener - Before test class: context [DefaultTestContext@c3cd433 testClass = IndexControllerTest, testInstance = [null], testMethod = [null], testException = [null], mergedContextConfiguration = [WebMergedContextConfiguration@235d4540 testClass = IndexControllerTest, locations = '{}', classes = '{class me.arok.springboot.Application}', contextInitializerClasses = '[]', activeProfiles = '{}', propertySourceLocations = '{}', propertySourceProperties = '{org.springframework.boot.test.context.SpringBootTestContextBootstrapper=true, server.port=0}', contextCustomizers = set[org.springframework.boot.test.autoconfigure.properties.PropertyMappingContextCustomizer@0, org.springframework.boot.test.autoconfigure.web.servlet.WebDriverContextCustomizerFactory$Customizer@1575d0f7, org.springframework.boot.test.context.filter.ExcludeFilterContextCustomizer@ab794d2, org.springframework.boot.test.json.DuplicateJsonObjectContextCustomizerFactory$DuplicateJsonObjectContextCustomizer@6a361afe, org.springframework.boot.test.mock.mockito.MockitoContextCustomizer@0, org.springframework.boot.test.web.client.TestRestTemplateContextCustomizer@1347f1e5], resourceBasePath = 'src/main/webapp', contextLoader = 'org.springframework.boot.test.context.SpringBootContextLoader', parent = [null]], attributes = map['org.springframework.test.context.web.ServletTestExecutionListener.activateListener' -> false]], class annotated with @DirtiesContext [false] with mode [null].
16:06:37.657 [Test worker] DEBUG org.springframework.test.annotation.ProfileValueUtils - Retrieved @ProfileValueSourceConfiguration [null] for test class [me.arok.springboot.web.IndexControllerTest]
16:06:37.658 [Test worker] DEBUG org.springframework.test.annotation.ProfileValueUtils - Retrieved ProfileValueSource type [class org.springframework.test.annotation.SystemProfileValueSource] for class [me.arok.springboot.web.IndexControllerTest]
16:06:37.669 [Test worker] DEBUG org.springframework.test.context.support.DependencyInjectionTestExecutionListener - Performing dependency injection for test context [[DefaultTestContext@c3cd433 testClass = IndexControllerTest, testInstance = me.arok.springboot.web.IndexControllerTest@7b2729b2, testMethod = [null], testException = [null], mergedContextConfiguration = [WebMergedContextConfiguration@235d4540 testClass = IndexControllerTest, locations = '{}', classes = '{class me.arok.springboot.Application}', contextInitializerClasses = '[]', activeProfiles = '{}', propertySourceLocations = '{}', propertySourceProperties = '{org.springframework.boot.test.context.SpringBootTestContextBootstrapper=true, server.port=0}', contextCustomizers = set[org.springframework.boot.test.autoconfigure.properties.PropertyMappingContextCustomizer@0, org.springframework.boot.test.autoconfigure.web.servlet.WebDriverContextCustomizerFactory$Customizer@1575d0f7, org.springframework.boot.test.context.filter.ExcludeFilterContextCustomizer@ab794d2, org.springframework.boot.test.json.DuplicateJsonObjectContextCustomizerFactory$DuplicateJsonObjectContextCustomizer@6a361afe, org.springframework.boot.test.mock.mockito.MockitoContextCustomizer@0, org.springframework.boot.test.web.client.TestRestTemplateContextCustomizer@1347f1e5], resourceBasePath = 'src/main/webapp', contextLoader = 'org.springframework.boot.test.context.SpringBootContextLoader', parent = [null]], attributes = map['org.springframework.test.context.web.ServletTestExecutionListener.activateListener' -> false]]].
16:06:37.728 [Test worker] DEBUG org.springframework.test.context.support.TestPropertySourceUtils - Adding inlined properties to environment: {spring.jmx.enabled=false, org.springframework.boot.test.context.SpringBootTestContextBootstrapper=true, server.port=0}

  .   ____          _            __ _ _
 /\\ / ___'_ __ _ _(_)_ __  __ _ \ \ \ \
( ( )\___ | '_ | '_| | '_ \/ _` | \ \ \ \
 \\/  ___)| |_)| | | | | || (_| |  ) ) ) )
  '  |____| .__|_| |_|_| |_\__, | / / / /
 =========|_|==============|___/=/_/_/_/
?[32m :: Spring Boot :: ?[39m      ?[2m (v2.1.7.RELEASE)?[0;39m

?[2m2020-09-07 16:06:38.592?[0;39m ?[32m INFO?[0;39m ?[35m12516?[0;39m ?[2m---?[0;39m ?[2m[    Test worker]?[0;39m ?[36mm.a.springboot.web.IndexControllerTest  ?[0;39m ?[2m:?[0;39m Starting IndexControllerTest on jojaemin-ui-MacBook-Pro.local with PID 12516 (started by joarok in /Users/joarok/Documents/workspace/springboot-gradle-aws)
?[2m2020-09-07 16:06:38.594?[0;39m ?[32m INFO?[0;39m ?[35m12516?[0;39m ?[2m---?[0;39m ?[2m[    Test worker]?[0;39m ?[36mm.a.springboot.web.IndexControllerTest  ?[0;39m ?[2m:?[0;39m No active profile set, falling back to default profiles: default
?[2m2020-09-07 16:06:40.125?[0;39m ?[32m INFO?[0;39m ?[35m12516?[0;39m ?[2m---?[0;39m ?[2m[    Test worker]?[0;39m ?[36m.s.d.r.c.RepositoryConfigurationDelegate?[0;39m ?[2m:?[0;39m Bootstrapping Spring Data repositories in DEFAULT mode.
?[2m2020-09-07 16:06:40.285?[0;39m ?[32m INFO?[0;39m ?[35m12516?[0;39m ?[2m---?[0;39m ?[2m[    Test worker]?[0;39m ?[36m.s.d.r.c.RepositoryConfigurationDelegate?[0;39m ?[2m:?[0;39m Finished Spring Data repository scanning in 143ms. Found 1 repository interfaces.
?[2m2020-09-07 16:06:41.121?[0;39m ?[32m INFO?[0;39m ?[35m12516?[0;39m ?[2m---?[0;39m ?[2m[    Test worker]?[0;39m ?[36mtrationDelegate$BeanPostProcessorChecker?[0;39m ?[2m:?[0;39m Bean 'org.springframework.transaction.annotation.ProxyTransactionManagementConfiguration' of type [org.springframework.transaction.annotation.ProxyTransactionManagementConfiguration$$EnhancerBySpringCGLIB$$43380388] is not eligible for getting processed by all BeanPostProcessors (for example: not eligible for auto-proxying)
?[2m2020-09-07 16:06:41.982?[0;39m ?[32m INFO?[0;39m ?[35m12516?[0;39m ?[2m---?[0;39m ?[2m[    Test worker]?[0;39m ?[36mo.s.b.w.embedded.tomcat.TomcatWebServer ?[0;39m ?[2m:?[0;39m Tomcat initialized with port(s): 0 (http)
?[2m2020-09-07 16:06:42.066?[0;39m ?[32m INFO?[0;39m ?[35m12516?[0;39m ?[2m---?[0;39m ?[2m[    Test worker]?[0;39m ?[36mo.apache.catalina.core.StandardService  ?[0;39m ?[2m:?[0;39m Starting service [Tomcat]
?[2m2020-09-07 16:06:42.067?[0;39m ?[32m INFO?[0;39m ?[35m12516?[0;39m ?[2m---?[0;39m ?[2m[    Test worker]?[0;39m ?[36morg.apache.catalina.core.StandardEngine ?[0;39m ?[2m:?[0;39m Starting Servlet engine: [Apache Tomcat/9.0.22]
?[2m2020-09-07 16:06:42.314?[0;39m ?[32m INFO?[0;39m ?[35m12516?[0;39m ?[2m---?[0;39m ?[2m[    Test worker]?[0;39m ?[36mo.a.c.c.C.[Tomcat].[localhost].[/]      ?[0;39m ?[2m:?[0;39m Initializing Spring embedded WebApplicationContext
?[2m2020-09-07 16:06:42.315?[0;39m ?[32m INFO?[0;39m ?[35m12516?[0;39m ?[2m---?[0;39m ?[2m[    Test worker]?[0;39m ?[36mo.s.web.context.ContextLoader           ?[0;39m ?[2m:?[0;39m Root WebApplicationContext: initialization completed in 3662 ms
?[2m2020-09-07 16:06:42.801?[0;39m ?[32m INFO?[0;39m ?[35m12516?[0;39m ?[2m---?[0;39m ?[2m[    Test worker]?[0;39m ?[36mcom.zaxxer.hikari.HikariDataSource      ?[0;39m ?[2m:?[0;39m HikariPool-1 - Starting...
?[2m2020-09-07 16:06:43.180?[0;39m ?[32m INFO?[0;39m ?[35m12516?[0;39m ?[2m---?[0;39m ?[2m[    Test worker]?[0;39m ?[36mcom.zaxxer.hikari.HikariDataSource      ?[0;39m ?[2m:?[0;39m HikariPool-1 - Start completed.
?[2m2020-09-07 16:06:43.340?[0;39m ?[32m INFO?[0;39m ?[35m12516?[0;39m ?[2m---?[0;39m ?[2m[    Test worker]?[0;39m ?[36mo.hibernate.jpa.internal.util.LogHelper ?[0;39m ?[2m:?[0;39m HHH000204: Processing PersistenceUnitInfo [
	name: default
	...]
?[2m2020-09-07 16:06:43.500?[0;39m ?[32m INFO?[0;39m ?[35m12516?[0;39m ?[2m---?[0;39m ?[2m[    Test worker]?[0;39m ?[36morg.hibernate.Version                   ?[0;39m ?[2m:?[0;39m HHH000412: Hibernate Core {5.3.10.Final}
?[2m2020-09-07 16:06:43.503?[0;39m ?[32m INFO?[0;39m ?[35m12516?[0;39m ?[2m---?[0;39m ?[2m[    Test worker]?[0;39m ?[36morg.hibernate.cfg.Environment           ?[0;39m ?[2m:?[0;39m HHH000206: hibernate.properties not found
?[2m2020-09-07 16:06:43.871?[0;39m ?[32m INFO?[0;39m ?[35m12516?[0;39m ?[2m---?[0;39m ?[2m[    Test worker]?[0;39m ?[36mo.hibernate.annotations.common.Version  ?[0;39m ?[2m:?[0;39m HCANN000001: Hibernate Commons Annotations {5.0.4.Final}
?[2m2020-09-07 16:06:44.170?[0;39m ?[32m INFO?[0;39m ?[35m12516?[0;39m ?[2m---?[0;39m ?[2m[    Test worker]?[0;39m ?[36morg.hibernate.dialect.Dialect           ?[0;39m ?[2m:?[0;39m HHH000400: Using dialect: org.hibernate.dialect.MySQL5InnoDBDialect
Hibernate: drop table if exists posts
Hibernate: create table posts (id bigint not null auto_increment, created_date datetime, modified_date datetime, author varchar(255), content TEXT not null, title varchar(500) not null, primary key (id)) engine=InnoDB
?[2m2020-09-07 16:06:45.480?[0;39m ?[32m INFO?[0;39m ?[35m12516?[0;39m ?[2m---?[0;39m ?[2m[    Test worker]?[0;39m ?[36mo.h.t.schema.internal.SchemaCreatorImpl ?[0;39m ?[2m:?[0;39m HHH000476: Executing import script 'org.hibernate.tool.schema.internal.exec.ScriptSourceInputNonExistentImpl@14ca0fef'
?[2m2020-09-07 16:06:45.487?[0;39m ?[32m INFO?[0;39m ?[35m12516?[0;39m ?[2m---?[0;39m ?[2m[    Test worker]?[0;39m ?[36mj.LocalContainerEntityManagerFactoryBean?[0;39m ?[2m:?[0;39m Initialized JPA EntityManagerFactory for persistence unit 'default'
?[2m2020-09-07 16:06:46.883?[0;39m ?[32m INFO?[0;39m ?[35m12516?[0;39m ?[2m---?[0;39m ?[2m[    Test worker]?[0;39m ?[36mo.s.s.concurrent.ThreadPoolTaskExecutor ?[0;39m ?[2m:?[0;39m Initializing ExecutorService 'applicationTaskExecutor'
?[2m2020-09-07 16:06:46.997?[0;39m ?[33m WARN?[0;39m ?[35m12516?[0;39m ?[2m---?[0;39m ?[2m[    Test worker]?[0;39m ?[36maWebConfiguration$JpaWebMvcConfiguration?[0;39m ?[2m:?[0;39m spring.jpa.open-in-view is enabled by default. Therefore, database queries may be performed during view rendering. Explicitly configure spring.jpa.open-in-view to disable this warning
?[2m2020-09-07 16:06:47.139?[0;39m ?[32m INFO?[0;39m ?[35m12516?[0;39m ?[2m---?[0;39m ?[2m[    Test worker]?[0;39m ?[36mo.s.b.a.w.s.WelcomePageHandlerMapping   ?[0;39m ?[2m:?[0;39m Adding welcome page template: index
?[2m2020-09-07 16:06:47.686?[0;39m ?[32m INFO?[0;39m ?[35m12516?[0;39m ?[2m---?[0;39m ?[2m[    Test worker]?[0;39m ?[36mo.s.b.w.embedded.tomcat.TomcatWebServer ?[0;39m ?[2m:?[0;39m Tomcat started on port(s): 52501 (http) with context path ''
?[2m2020-09-07 16:06:47.694?[0;39m ?[32m INFO?[0;39m ?[35m12516?[0;39m ?[2m---?[0;39m ?[2m[    Test worker]?[0;39m ?[36mm.a.springboot.web.IndexControllerTest  ?[0;39m ?[2m:?[0;39m Started IndexControllerTest in 9.957 seconds (JVM running for 12.787)
?[2m2020-09-07 16:06:48.135?[0;39m ?[32m INFO?[0;39m ?[35m12516?[0;39m ?[2m---?[0;39m ?[2m[o-auto-1-exec-1]?[0;39m ?[36mo.a.c.c.C.[Tomcat].[localhost].[/]      ?[0;39m ?[2m:?[0;39m Initializing Spring DispatcherServlet 'dispatcherServlet'
?[2m2020-09-07 16:06:48.136?[0;39m ?[32m INFO?[0;39m ?[35m12516?[0;39m ?[2m---?[0;39m ?[2m[o-auto-1-exec-1]?[0;39m ?[36mo.s.web.servlet.DispatcherServlet       ?[0;39m ?[2m:?[0;39m Initializing Servlet 'dispatcherServlet'
?[2m2020-09-07 16:06:48.180?[0;39m ?[32m INFO?[0;39m ?[35m12516?[0;39m ?[2m---?[0;39m ?[2m[o-auto-1-exec-1]?[0;39m ?[36mo.s.web.servlet.DispatcherServlet       ?[0;39m ?[2m:?[0;39m Completed initialization in 44 ms
]]></system-out>
  <system-err><![CDATA[]]></system-err>
</testsuite>
