<?xml version="1.0" encoding="UTF-8"?>
<testsuite name="me.arok.springboot.web.PostsApiControllerTest" tests="2" skipped="0" failures="0" errors="0" timestamp="2020-09-13T08:42:39" hostname="jojaemin-ui-MacBook-Pro.local" time="0.846">
  <properties/>
  <testcase name="Posts_update" classname="me.arok.springboot.web.PostsApiControllerTest" time="0.751"/>
  <testcase name="Posts_save" classname="me.arok.springboot.web.PostsApiControllerTest" time="0.091"/>
  <system-out><![CDATA[?[2m2020-09-13 17:42:39.089?[0;39m ?[32m INFO?[0;39m ?[35m24028?[0;39m ?[2m---?[0;39m ?[2m[    Test worker]?[0;39m ?[36m.b.t.c.SpringBootTestContextBootstrapper?[0;39m ?[2m:?[0;39m Neither @ContextConfiguration nor @ContextHierarchy found for test class [me.arok.springboot.web.PostsApiControllerTest], using SpringBootContextLoader
?[2m2020-09-13 17:42:39.094?[0;39m ?[32m INFO?[0;39m ?[35m24028?[0;39m ?[2m---?[0;39m ?[2m[    Test worker]?[0;39m ?[36mo.s.t.c.support.AbstractContextLoader   ?[0;39m ?[2m:?[0;39m Could not detect default resource locations for test class [me.arok.springboot.web.PostsApiControllerTest]: no resource found for suffixes {-context.xml, Context.groovy}.
?[2m2020-09-13 17:42:39.094?[0;39m ?[32m INFO?[0;39m ?[35m24028?[0;39m ?[2m---?[0;39m ?[2m[    Test worker]?[0;39m ?[36mt.c.s.AnnotationConfigContextLoaderUtils?[0;39m ?[2m:?[0;39m Could not detect default configuration classes for test class [me.arok.springboot.web.PostsApiControllerTest]: PostsApiControllerTest does not declare any static, non-private, non-final, nested classes annotated with @Configuration.
?[2m2020-09-13 17:42:39.098?[0;39m ?[32m INFO?[0;39m ?[35m24028?[0;39m ?[2m---?[0;39m ?[2m[    Test worker]?[0;39m ?[36m.b.t.c.SpringBootTestContextBootstrapper?[0;39m ?[2m:?[0;39m Found @SpringBootConfiguration me.arok.springboot.Application for test class me.arok.springboot.web.PostsApiControllerTest
?[2m2020-09-13 17:42:39.101?[0;39m ?[32m INFO?[0;39m ?[35m24028?[0;39m ?[2m---?[0;39m ?[2m[    Test worker]?[0;39m ?[36m.b.t.c.SpringBootTestContextBootstrapper?[0;39m ?[2m:?[0;39m Loaded default TestExecutionListener class names from location [META-INF/spring.factories]: [org.springframework.security.test.context.support.WithSecurityContextTestExecutionListener, org.springframework.security.test.context.support.ReactorContextTestExecutionListener, org.springframework.boot.test.autoconfigure.restdocs.RestDocsTestExecutionListener, org.springframework.boot.test.autoconfigure.web.client.MockRestServiceServerResetTestExecutionListener, org.springframework.boot.test.autoconfigure.web.servlet.MockMvcPrintOnlyOnFailureTestExecutionListener, org.springframework.boot.test.autoconfigure.web.servlet.WebDriverTestExecutionListener, org.springframework.boot.test.mock.mockito.MockitoTestExecutionListener, org.springframework.boot.test.mock.mockito.ResetMocksTestExecutionListener, org.springframework.test.context.web.ServletTestExecutionListener, org.springframework.test.context.support.DirtiesContextBeforeModesTestExecutionListener, org.springframework.test.context.support.DependencyInjectionTestExecutionListener, org.springframework.test.context.support.DirtiesContextTestExecutionListener, org.springframework.test.context.transaction.TransactionalTestExecutionListener, org.springframework.test.context.jdbc.SqlScriptsTestExecutionListener]
?[2m2020-09-13 17:42:39.114?[0;39m ?[32m INFO?[0;39m ?[35m24028?[0;39m ?[2m---?[0;39m ?[2m[    Test worker]?[0;39m ?[36m.b.t.c.SpringBootTestContextBootstrapper?[0;39m ?[2m:?[0;39m Using TestExecutionListeners: [org.springframework.test.context.web.ServletTestExecutionListener@169b64b8, org.springframework.test.context.support.DirtiesContextBeforeModesTestExecutionListener@26a4408f, org.springframework.boot.test.mock.mockito.MockitoTestExecutionListener@24dc5194, org.springframework.boot.test.autoconfigure.SpringBootDependencyInjectionTestExecutionListener@3da9690, org.springframework.test.context.support.DirtiesContextTestExecutionListener@4ea98cf7, org.springframework.test.context.transaction.TransactionalTestExecutionListener@4a8d0d95, org.springframework.test.context.jdbc.SqlScriptsTestExecutionListener@c9ba5a1, org.springframework.security.test.context.support.WithSecurityContextTestExecutionListener@5b22dcb4, org.springframework.security.test.context.support.ReactorContextTestExecutionListener@596e3d13, org.springframework.boot.test.autoconfigure.restdocs.RestDocsTestExecutionListener@7bad720e, org.springframework.boot.test.autoconfigure.web.client.MockRestServiceServerResetTestExecutionListener@2aca6677, org.springframework.boot.test.autoconfigure.web.servlet.MockMvcPrintOnlyOnFailureTestExecutionListener@67c0c8e6, org.springframework.boot.test.autoconfigure.web.servlet.WebDriverTestExecutionListener@4f6ee7a8, org.springframework.boot.test.mock.mockito.ResetMocksTestExecutionListener@5f43d149]
?[2m2020-09-13 17:42:39.248?[0;39m ?[32m INFO?[0;39m ?[35m24028?[0;39m ?[2m---?[0;39m ?[2m[    Test worker]?[0;39m ?[36mo.a.c.c.C.[Tomcat].[localhost].[/]      ?[0;39m ?[2m:?[0;39m Initializing Spring TestDispatcherServlet ''
?[2m2020-09-13 17:42:39.249?[0;39m ?[32m INFO?[0;39m ?[35m24028?[0;39m ?[2m---?[0;39m ?[2m[    Test worker]?[0;39m ?[36mo.s.t.web.servlet.TestDispatcherServlet ?[0;39m ?[2m:?[0;39m Initializing Servlet ''
?[2m2020-09-13 17:42:39.267?[0;39m ?[32m INFO?[0;39m ?[35m24028?[0;39m ?[2m---?[0;39m ?[2m[    Test worker]?[0;39m ?[36mo.s.t.web.servlet.TestDispatcherServlet ?[0;39m ?[2m:?[0;39m Completed initialization in 17 ms
Hibernate: insert into posts (created_date, modified_date, author, content, title) values (?, ?, ?, ?, ?)
Hibernate: select posts0_.id as id1_0_0_, posts0_.created_date as created_2_0_0_, posts0_.modified_date as modified3_0_0_, posts0_.author as author4_0_0_, posts0_.content as content5_0_0_, posts0_.title as title6_0_0_ from posts posts0_ where posts0_.id=?
Hibernate: update posts set created_date=?, modified_date=?, author=?, content=?, title=? where id=?
Hibernate: select posts0_.id as id1_0_, posts0_.created_date as created_2_0_, posts0_.modified_date as modified3_0_, posts0_.author as author4_0_, posts0_.content as content5_0_, posts0_.title as title6_0_ from posts posts0_
Hibernate: select posts0_.id as id1_0_, posts0_.created_date as created_2_0_, posts0_.modified_date as modified3_0_, posts0_.author as author4_0_, posts0_.content as content5_0_, posts0_.title as title6_0_ from posts posts0_
Hibernate: delete from posts where id=?
?[2m2020-09-13 17:42:39.976?[0;39m ?[32m INFO?[0;39m ?[35m24028?[0;39m ?[2m---?[0;39m ?[2m[    Test worker]?[0;39m ?[36mo.a.c.c.C.[Tomcat].[localhost].[/]      ?[0;39m ?[2m:?[0;39m Initializing Spring TestDispatcherServlet ''
?[2m2020-09-13 17:42:39.978?[0;39m ?[32m INFO?[0;39m ?[35m24028?[0;39m ?[2m---?[0;39m ?[2m[    Test worker]?[0;39m ?[36mo.s.t.web.servlet.TestDispatcherServlet ?[0;39m ?[2m:?[0;39m Initializing Servlet ''
?[2m2020-09-13 17:42:39.987?[0;39m ?[32m INFO?[0;39m ?[35m24028?[0;39m ?[2m---?[0;39m ?[2m[    Test worker]?[0;39m ?[36mo.s.t.web.servlet.TestDispatcherServlet ?[0;39m ?[2m:?[0;39m Completed initialization in 8 ms
Hibernate: insert into posts (created_date, modified_date, author, content, title) values (?, ?, ?, ?, ?)
Hibernate: select posts0_.id as id1_0_, posts0_.created_date as created_2_0_, posts0_.modified_date as modified3_0_, posts0_.author as author4_0_, posts0_.content as content5_0_, posts0_.title as title6_0_ from posts posts0_
Hibernate: select posts0_.id as id1_0_, posts0_.created_date as created_2_0_, posts0_.modified_date as modified3_0_, posts0_.author as author4_0_, posts0_.content as content5_0_, posts0_.title as title6_0_ from posts posts0_
Hibernate: delete from posts where id=?
]]></system-out>
  <system-err><![CDATA[]]></system-err>
</testsuite>
