<?xml version="1.0" encoding="UTF-8"?>
<testsuite name="me.arok.springboot.domain.posts.PostsRepositoryTest" tests="2" skipped="0" failures="0" errors="0" timestamp="2020-09-13T08:42:43" hostname="jojaemin-ui-MacBook-Pro.local" time="0.236">
  <properties/>
  <testcase name="BasicTimeEntity_save" classname="me.arok.springboot.domain.posts.PostsRepositoryTest" time="0.103"/>
  <testcase name="postSave_open" classname="me.arok.springboot.domain.posts.PostsRepositoryTest" time="0.123"/>
  <system-out><![CDATA[?[2m2020-09-13 17:42:40.067?[0;39m ?[32m INFO?[0;39m ?[35m24028?[0;39m ?[2m---?[0;39m ?[2m[    Test worker]?[0;39m ?[36m.b.t.c.SpringBootTestContextBootstrapper?[0;39m ?[2m:?[0;39m Neither @ContextConfiguration nor @ContextHierarchy found for test class [me.arok.springboot.domain.posts.PostsRepositoryTest], using SpringBootContextLoader
?[2m2020-09-13 17:42:40.071?[0;39m ?[32m INFO?[0;39m ?[35m24028?[0;39m ?[2m---?[0;39m ?[2m[    Test worker]?[0;39m ?[36mo.s.t.c.support.AbstractContextLoader   ?[0;39m ?[2m:?[0;39m Could not detect default resource locations for test class [me.arok.springboot.domain.posts.PostsRepositoryTest]: no resource found for suffixes {-context.xml, Context.groovy}.
?[2m2020-09-13 17:42:40.072?[0;39m ?[32m INFO?[0;39m ?[35m24028?[0;39m ?[2m---?[0;39m ?[2m[    Test worker]?[0;39m ?[36mt.c.s.AnnotationConfigContextLoaderUtils?[0;39m ?[2m:?[0;39m Could not detect default configuration classes for test class [me.arok.springboot.domain.posts.PostsRepositoryTest]: PostsRepositoryTest does not declare any static, non-private, non-final, nested classes annotated with @Configuration.
?[2m2020-09-13 17:42:40.111?[0;39m ?[32m INFO?[0;39m ?[35m24028?[0;39m ?[2m---?[0;39m ?[2m[    Test worker]?[0;39m ?[36m.b.t.c.SpringBootTestContextBootstrapper?[0;39m ?[2m:?[0;39m Found @SpringBootConfiguration me.arok.springboot.Application for test class me.arok.springboot.domain.posts.PostsRepositoryTest
?[2m2020-09-13 17:42:40.166?[0;39m ?[32m INFO?[0;39m ?[35m24028?[0;39m ?[2m---?[0;39m ?[2m[    Test worker]?[0;39m ?[36m.b.t.c.SpringBootTestContextBootstrapper?[0;39m ?[2m:?[0;39m Loaded default TestExecutionListener class names from location [META-INF/spring.factories]: [org.springframework.security.test.context.support.WithSecurityContextTestExecutionListener, org.springframework.security.test.context.support.ReactorContextTestExecutionListener, org.springframework.boot.test.autoconfigure.restdocs.RestDocsTestExecutionListener, org.springframework.boot.test.autoconfigure.web.client.MockRestServiceServerResetTestExecutionListener, org.springframework.boot.test.autoconfigure.web.servlet.MockMvcPrintOnlyOnFailureTestExecutionListener, org.springframework.boot.test.autoconfigure.web.servlet.WebDriverTestExecutionListener, org.springframework.boot.test.mock.mockito.MockitoTestExecutionListener, org.springframework.boot.test.mock.mockito.ResetMocksTestExecutionListener, org.springframework.test.context.web.ServletTestExecutionListener, org.springframework.test.context.support.DirtiesContextBeforeModesTestExecutionListener, org.springframework.test.context.support.DependencyInjectionTestExecutionListener, org.springframework.test.context.support.DirtiesContextTestExecutionListener, org.springframework.test.context.transaction.TransactionalTestExecutionListener, org.springframework.test.context.jdbc.SqlScriptsTestExecutionListener]
?[2m2020-09-13 17:42:40.178?[0;39m ?[32m INFO?[0;39m ?[35m24028?[0;39m ?[2m---?[0;39m ?[2m[    Test worker]?[0;39m ?[36m.b.t.c.SpringBootTestContextBootstrapper?[0;39m ?[2m:?[0;39m Using TestExecutionListeners: [org.springframework.test.context.web.ServletTestExecutionListener@2c3f1dbb, org.springframework.test.context.support.DirtiesContextBeforeModesTestExecutionListener@319b0368, org.springframework.boot.test.mock.mockito.MockitoTestExecutionListener@7616cc90, org.springframework.boot.test.autoconfigure.SpringBootDependencyInjectionTestExecutionListener@1359ee76, org.springframework.test.context.support.DirtiesContextTestExecutionListener@47dfeb63, org.springframework.test.context.transaction.TransactionalTestExecutionListener@2eb630b3, org.springframework.test.context.jdbc.SqlScriptsTestExecutionListener@6e840bb9, org.springframework.security.test.context.support.WithSecurityContextTestExecutionListener@32f27241, org.springframework.security.test.context.support.ReactorContextTestExecutionListener@a4e038f, org.springframework.boot.test.autoconfigure.restdocs.RestDocsTestExecutionListener@15e299dd, org.springframework.boot.test.autoconfigure.web.client.MockRestServiceServerResetTestExecutionListener@5b75911b, org.springframework.boot.test.autoconfigure.web.servlet.MockMvcPrintOnlyOnFailureTestExecutionListener@7ab4904e, org.springframework.boot.test.autoconfigure.web.servlet.WebDriverTestExecutionListener@9cb6ec, org.springframework.boot.test.mock.mockito.ResetMocksTestExecutionListener@131eb53]

  .   ____          _            __ _ _
 /\\ / ___'_ __ _ _(_)_ __  __ _ \ \ \ \
( ( )\___ | '_ | '_| | '_ \/ _` | \ \ \ \
 \\/  ___)| |_)| | | | | || (_| |  ) ) ) )
  '  |____| .__|_| |_|_| |_\__, | / / / /
 =========|_|==============|___/=/_/_/_/
?[32m :: Spring Boot :: ?[39m      ?[2m (v2.1.7.RELEASE)?[0;39m

?[2m2020-09-13 17:42:40.242?[0;39m ?[32m INFO?[0;39m ?[35m24028?[0;39m ?[2m---?[0;39m ?[2m[    Test worker]?[0;39m ?[36mm.a.s.domain.posts.PostsRepositoryTest  ?[0;39m ?[2m:?[0;39m Starting PostsRepositoryTest on jojaemin-ui-MacBook-Pro.local with PID 24028 (started by joarok in /Users/joarok/Documents/workspace/springboot-gradle-aws)
?[2m2020-09-13 17:42:40.245?[0;39m ?[32m INFO?[0;39m ?[35m24028?[0;39m ?[2m---?[0;39m ?[2m[    Test worker]?[0;39m ?[36mm.a.s.domain.posts.PostsRepositoryTest  ?[0;39m ?[2m:?[0;39m No active profile set, falling back to default profiles: default
?[2m2020-09-13 17:42:40.744?[0;39m ?[32m INFO?[0;39m ?[35m24028?[0;39m ?[2m---?[0;39m ?[2m[    Test worker]?[0;39m ?[36m.s.d.r.c.RepositoryConfigurationDelegate?[0;39m ?[2m:?[0;39m Bootstrapping Spring Data repositories in DEFAULT mode.
?[2m2020-09-13 17:42:40.779?[0;39m ?[32m INFO?[0;39m ?[35m24028?[0;39m ?[2m---?[0;39m ?[2m[    Test worker]?[0;39m ?[36m.s.d.r.c.RepositoryConfigurationDelegate?[0;39m ?[2m:?[0;39m Finished Spring Data repository scanning in 34ms. Found 2 repository interfaces.
?[2m2020-09-13 17:42:40.963?[0;39m ?[32m INFO?[0;39m ?[35m24028?[0;39m ?[2m---?[0;39m ?[2m[    Test worker]?[0;39m ?[36mtrationDelegate$BeanPostProcessorChecker?[0;39m ?[2m:?[0;39m Bean 'org.springframework.transaction.annotation.ProxyTransactionManagementConfiguration' of type [org.springframework.transaction.annotation.ProxyTransactionManagementConfiguration$$EnhancerBySpringCGLIB$$ac8f53d] is not eligible for getting processed by all BeanPostProcessors (for example: not eligible for auto-proxying)
?[2m2020-09-13 17:42:41.091?[0;39m ?[32m INFO?[0;39m ?[35m24028?[0;39m ?[2m---?[0;39m ?[2m[    Test worker]?[0;39m ?[36mcom.zaxxer.hikari.HikariDataSource      ?[0;39m ?[2m:?[0;39m HikariPool-2 - Starting...
?[2m2020-09-13 17:42:41.093?[0;39m ?[32m INFO?[0;39m ?[35m24028?[0;39m ?[2m---?[0;39m ?[2m[    Test worker]?[0;39m ?[36mcom.zaxxer.hikari.HikariDataSource      ?[0;39m ?[2m:?[0;39m HikariPool-2 - Start completed.
?[2m2020-09-13 17:42:41.131?[0;39m ?[32m INFO?[0;39m ?[35m24028?[0;39m ?[2m---?[0;39m ?[2m[    Test worker]?[0;39m ?[36mo.hibernate.jpa.internal.util.LogHelper ?[0;39m ?[2m:?[0;39m HHH000204: Processing PersistenceUnitInfo [
	name: default
	...]
?[2m2020-09-13 17:42:41.145?[0;39m ?[32m INFO?[0;39m ?[35m24028?[0;39m ?[2m---?[0;39m ?[2m[    Test worker]?[0;39m ?[36morg.hibernate.dialect.Dialect           ?[0;39m ?[2m:?[0;39m HHH000400: Using dialect: org.hibernate.dialect.MySQL5InnoDBDialect
Hibernate: drop table if exists posts
Hibernate: drop table if exists user
Hibernate: create table posts (id bigint not null auto_increment, created_date datetime, modified_date datetime, author varchar(255), content TEXT not null, title varchar(500) not null, primary key (id)) engine=InnoDB
Hibernate: create table user (id bigint not null auto_increment, created_date datetime, modified_date datetime, email varchar(255) not null, name varchar(255) not null, picture varchar(255), role varchar(255) not null, primary key (id)) engine=InnoDB
?[2m2020-09-13 17:42:41.266?[0;39m ?[32m INFO?[0;39m ?[35m24028?[0;39m ?[2m---?[0;39m ?[2m[    Test worker]?[0;39m ?[36mo.h.t.schema.internal.SchemaCreatorImpl ?[0;39m ?[2m:?[0;39m HHH000476: Executing import script 'org.hibernate.tool.schema.internal.exec.ScriptSourceInputNonExistentImpl@4a993d1a'
?[2m2020-09-13 17:42:41.267?[0;39m ?[32m INFO?[0;39m ?[35m24028?[0;39m ?[2m---?[0;39m ?[2m[    Test worker]?[0;39m ?[36mj.LocalContainerEntityManagerFactoryBean?[0;39m ?[2m:?[0;39m Initialized JPA EntityManagerFactory for persistence unit 'default'
?[2m2020-09-13 17:42:41.588?[0;39m ?[32m INFO?[0;39m ?[35m24028?[0;39m ?[2m---?[0;39m ?[2m[    Test worker]?[0;39m ?[36mo.h.h.i.QueryTranslatorFactoryInitiator ?[0;39m ?[2m:?[0;39m HHH000397: Using ASTQueryTranslatorFactory
?[2m2020-09-13 17:42:41.832?[0;39m ?[32m INFO?[0;39m ?[35m24028?[0;39m ?[2m---?[0;39m ?[2m[    Test worker]?[0;39m ?[36mo.s.s.web.DefaultSecurityFilterChain    ?[0;39m ?[2m:?[0;39m Creating filter chain: any request, [org.springframework.security.web.context.request.async.WebAsyncManagerIntegrationFilter@49d0d4d5, org.springframework.security.web.context.SecurityContextPersistenceFilter@1720acde, org.springframework.security.web.header.HeaderWriterFilter@449c3e62, org.springframework.security.web.authentication.logout.LogoutFilter@1525e9c7, org.springframework.security.oauth2.client.web.OAuth2AuthorizationRequestRedirectFilter@1ae47989, org.springframework.security.oauth2.client.web.OAuth2LoginAuthenticationFilter@63595b2f, org.springframework.security.web.authentication.ui.DefaultLoginPageGeneratingFilter@7f1f3bb, org.springframework.security.web.authentication.ui.DefaultLogoutPageGeneratingFilter@198e0bfd, org.springframework.security.web.savedrequest.RequestCacheAwareFilter@3497edf1, org.springframework.security.web.servletapi.SecurityContextHolderAwareRequestFilter@11ddba2f, org.springframework.security.web.authentication.AnonymousAuthenticationFilter@201f1174, org.springframework.security.web.session.SessionManagementFilter@1230914e, org.springframework.security.web.access.ExceptionTranslationFilter@46aca70c, org.springframework.security.web.access.intercept.FilterSecurityInterceptor@344c985a]
?[2m2020-09-13 17:42:42.370?[0;39m ?[32m INFO?[0;39m ?[35m24028?[0;39m ?[2m---?[0;39m ?[2m[    Test worker]?[0;39m ?[36mo.s.s.concurrent.ThreadPoolTaskExecutor ?[0;39m ?[2m:?[0;39m Initializing ExecutorService 'applicationTaskExecutor'
?[2m2020-09-13 17:42:42.386?[0;39m ?[33m WARN?[0;39m ?[35m24028?[0;39m ?[2m---?[0;39m ?[2m[    Test worker]?[0;39m ?[36maWebConfiguration$JpaWebMvcConfiguration?[0;39m ?[2m:?[0;39m spring.jpa.open-in-view is enabled by default. Therefore, database queries may be performed during view rendering. Explicitly configure spring.jpa.open-in-view to disable this warning
?[2m2020-09-13 17:42:42.467?[0;39m ?[32m INFO?[0;39m ?[35m24028?[0;39m ?[2m---?[0;39m ?[2m[    Test worker]?[0;39m ?[36mo.s.b.a.w.s.WelcomePageHandlerMapping   ?[0;39m ?[2m:?[0;39m Adding welcome page template: index
?[2m2020-09-13 17:42:43.046?[0;39m ?[32m INFO?[0;39m ?[35m24028?[0;39m ?[2m---?[0;39m ?[2m[    Test worker]?[0;39m ?[36ms.a.ScheduledAnnotationBeanPostProcessor?[0;39m ?[2m:?[0;39m No TaskScheduler/ScheduledExecutorService bean found for scheduled processing
?[2m2020-09-13 17:42:43.053?[0;39m ?[32m INFO?[0;39m ?[35m24028?[0;39m ?[2m---?[0;39m ?[2m[    Test worker]?[0;39m ?[36mm.a.s.domain.posts.PostsRepositoryTest  ?[0;39m ?[2m:?[0;39m Started PostsRepositoryTest in 2.863 seconds (JVM running for 24.874)
Hibernate: insert into posts (created_date, modified_date, author, content, title) values (?, ?, ?, ?, ?)
Hibernate: select posts0_.id as id1_0_, posts0_.created_date as created_2_0_, posts0_.modified_date as modified3_0_, posts0_.author as author4_0_, posts0_.content as content5_0_, posts0_.title as title6_0_ from posts posts0_
>>>>>>>>>> createDate=2020-09-13T17:42:43.085048, modifiedDate=2020-09-13T17:42:43.085048
Hibernate: select posts0_.id as id1_0_, posts0_.created_date as created_2_0_, posts0_.modified_date as modified3_0_, posts0_.author as author4_0_, posts0_.content as content5_0_, posts0_.title as title6_0_ from posts posts0_
Hibernate: delete from posts where id=?
Hibernate: insert into posts (created_date, modified_date, author, content, title) values (?, ?, ?, ?, ?)
Hibernate: select posts0_.id as id1_0_, posts0_.created_date as created_2_0_, posts0_.modified_date as modified3_0_, posts0_.author as author4_0_, posts0_.content as content5_0_, posts0_.title as title6_0_ from posts posts0_
Hibernate: select posts0_.id as id1_0_, posts0_.created_date as created_2_0_, posts0_.modified_date as modified3_0_, posts0_.author as author4_0_, posts0_.content as content5_0_, posts0_.title as title6_0_ from posts posts0_
Hibernate: delete from posts where id=?
]]></system-out>
  <system-err><![CDATA[]]></system-err>
</testsuite>
