<?xml version="1.0" encoding="UTF-8"?>
<testsuite name="me.arok.springboot.web.HelloControllerTest" tests="2" skipped="0" failures="0" errors="0" timestamp="2020-09-13T08:42:27" hostname="jojaemin-ui-MacBook-Pro.local" time="1.191">
  <properties/>
  <testcase name="helloDto_return" classname="me.arok.springboot.web.HelloControllerTest" time="1.119"/>
  <testcase name="hello_return" classname="me.arok.springboot.web.HelloControllerTest" time="0.06"/>
  <system-out><![CDATA[17:42:20.332 [Test worker] DEBUG org.springframework.test.context.junit4.SpringJUnit4ClassRunner - SpringJUnit4ClassRunner constructor called with [class me.arok.springboot.web.HelloControllerTest]
17:42:20.356 [Test worker] DEBUG org.springframework.test.context.BootstrapUtils - Instantiating CacheAwareContextLoaderDelegate from class [org.springframework.test.context.cache.DefaultCacheAwareContextLoaderDelegate]
17:42:20.404 [Test worker] DEBUG org.springframework.test.context.BootstrapUtils - Instantiating BootstrapContext using constructor [public org.springframework.test.context.support.DefaultBootstrapContext(java.lang.Class,org.springframework.test.context.CacheAwareContextLoaderDelegate)]
17:42:20.464 [Test worker] DEBUG org.springframework.test.context.BootstrapUtils - Instantiating TestContextBootstrapper for test class [me.arok.springboot.web.HelloControllerTest] from class [org.springframework.boot.test.autoconfigure.web.servlet.WebMvcTestContextBootstrapper]
17:42:20.536 [Test worker] INFO org.springframework.boot.test.autoconfigure.web.servlet.WebMvcTestContextBootstrapper - Neither @ContextConfiguration nor @ContextHierarchy found for test class [me.arok.springboot.web.HelloControllerTest], using SpringBootContextLoader
17:42:20.559 [Test worker] DEBUG org.springframework.test.context.support.AbstractContextLoader - Did not detect default resource location for test class [me.arok.springboot.web.HelloControllerTest]: class path resource [me/arok/springboot/web/HelloControllerTest-context.xml] does not exist
17:42:20.561 [Test worker] DEBUG org.springframework.test.context.support.AbstractContextLoader - Did not detect default resource location for test class [me.arok.springboot.web.HelloControllerTest]: class path resource [me/arok/springboot/web/HelloControllerTestContext.groovy] does not exist
17:42:20.562 [Test worker] INFO org.springframework.test.context.support.AbstractContextLoader - Could not detect default resource locations for test class [me.arok.springboot.web.HelloControllerTest]: no resource found for suffixes {-context.xml, Context.groovy}.
17:42:20.566 [Test worker] INFO org.springframework.test.context.support.AnnotationConfigContextLoaderUtils - Could not detect default configuration classes for test class [me.arok.springboot.web.HelloControllerTest]: HelloControllerTest does not declare any static, non-private, non-final, nested classes annotated with @Configuration.
17:42:20.811 [Test worker] DEBUG org.springframework.test.context.support.ActiveProfilesUtils - Could not find an 'annotation declaring class' for annotation type [org.springframework.test.context.ActiveProfiles] and class [me.arok.springboot.web.HelloControllerTest]
17:42:21.030 [Test worker] DEBUG org.springframework.context.annotation.ClassPathScanningCandidateComponentProvider - Identified candidate component class: file [/Users/joarok/Documents/workspace/springboot-gradle-aws/build/classes/java/main/me/arok/springboot/Application.class]
17:42:21.032 [Test worker] INFO org.springframework.boot.test.context.SpringBootTestContextBootstrapper - Found @SpringBootConfiguration me.arok.springboot.Application for test class me.arok.springboot.web.HelloControllerTest
17:42:21.072 [Test worker] DEBUG org.springframework.boot.test.autoconfigure.web.servlet.WebMvcTestContextBootstrapper - @TestExecutionListeners is not present for class [me.arok.springboot.web.HelloControllerTest]: using defaults.
17:42:21.073 [Test worker] INFO org.springframework.boot.test.autoconfigure.web.servlet.WebMvcTestContextBootstrapper - Loaded default TestExecutionListener class names from location [META-INF/spring.factories]: [org.springframework.security.test.context.support.WithSecurityContextTestExecutionListener, org.springframework.security.test.context.support.ReactorContextTestExecutionListener, org.springframework.boot.test.autoconfigure.restdocs.RestDocsTestExecutionListener, org.springframework.boot.test.autoconfigure.web.client.MockRestServiceServerResetTestExecutionListener, org.springframework.boot.test.autoconfigure.web.servlet.MockMvcPrintOnlyOnFailureTestExecutionListener, org.springframework.boot.test.autoconfigure.web.servlet.WebDriverTestExecutionListener, org.springframework.boot.test.mock.mockito.MockitoTestExecutionListener, org.springframework.boot.test.mock.mockito.ResetMocksTestExecutionListener, org.springframework.test.context.web.ServletTestExecutionListener, org.springframework.test.context.support.DirtiesContextBeforeModesTestExecutionListener, org.springframework.test.context.support.DependencyInjectionTestExecutionListener, org.springframework.test.context.support.DirtiesContextTestExecutionListener, org.springframework.test.context.transaction.TransactionalTestExecutionListener, org.springframework.test.context.jdbc.SqlScriptsTestExecutionListener]
17:42:21.146 [Test worker] INFO org.springframework.boot.test.autoconfigure.web.servlet.WebMvcTestContextBootstrapper - Using TestExecutionListeners: [org.springframework.test.context.web.ServletTestExecutionListener@5d51ca19, org.springframework.test.context.support.DirtiesContextBeforeModesTestExecutionListener@507d40c4, org.springframework.boot.test.mock.mockito.MockitoTestExecutionListener@798de44a, org.springframework.boot.test.autoconfigure.SpringBootDependencyInjectionTestExecutionListener@5b05077c, org.springframework.test.context.support.DirtiesContextTestExecutionListener@8d70f07, org.springframework.test.context.transaction.TransactionalTestExecutionListener@329605b9, org.springframework.test.context.jdbc.SqlScriptsTestExecutionListener@242f0815, org.springframework.security.test.context.support.WithSecurityContextTestExecutionListener@5762c50b, org.springframework.security.test.context.support.ReactorContextTestExecutionListener@67fd47d7, org.springframework.boot.test.autoconfigure.restdocs.RestDocsTestExecutionListener@65442d5c, org.springframework.boot.test.autoconfigure.web.client.MockRestServiceServerResetTestExecutionListener@39f7fe41, org.springframework.boot.test.autoconfigure.web.servlet.MockMvcPrintOnlyOnFailureTestExecutionListener@787c2ee9, org.springframework.boot.test.autoconfigure.web.servlet.WebDriverTestExecutionListener@75b20dce, org.springframework.boot.test.mock.mockito.ResetMocksTestExecutionListener@3158f0e9]
17:42:21.155 [Test worker] DEBUG org.springframework.test.annotation.ProfileValueUtils - Retrieved @ProfileValueSourceConfiguration [null] for test class [me.arok.springboot.web.HelloControllerTest]
17:42:21.156 [Test worker] DEBUG org.springframework.test.annotation.ProfileValueUtils - Retrieved ProfileValueSource type [class org.springframework.test.annotation.SystemProfileValueSource] for class [me.arok.springboot.web.HelloControllerTest]
17:42:21.157 [Test worker] DEBUG org.springframework.test.annotation.ProfileValueUtils - Retrieved @ProfileValueSourceConfiguration [null] for test class [me.arok.springboot.web.HelloControllerTest]
17:42:21.158 [Test worker] DEBUG org.springframework.test.annotation.ProfileValueUtils - Retrieved ProfileValueSource type [class org.springframework.test.annotation.SystemProfileValueSource] for class [me.arok.springboot.web.HelloControllerTest]
17:42:21.169 [Test worker] DEBUG org.springframework.test.context.support.AbstractDirtiesContextTestExecutionListener - Before test class: context [DefaultTestContext@66e497da testClass = HelloControllerTest, testInstance = [null], testMethod = [null], testException = [null], mergedContextConfiguration = [WebMergedContextConfiguration@38cf01eb testClass = HelloControllerTest, locations = '{}', classes = '{class me.arok.springboot.Application}', contextInitializerClasses = '[]', activeProfiles = '{}', propertySourceLocations = '{}', propertySourceProperties = '{org.springframework.boot.test.autoconfigure.web.servlet.WebMvcTestContextBootstrapper=true}', contextCustomizers = set[org.springframework.boot.test.autoconfigure.OverrideAutoConfigurationContextCustomizerFactory$DisableAutoConfigurationContextCustomizer@3da7a52d, org.springframework.boot.test.autoconfigure.filter.TypeExcludeFiltersContextCustomizer@9b59a6d0, org.springframework.boot.test.autoconfigure.properties.PropertyMappingContextCustomizer@2bb945f, org.springframework.boot.test.autoconfigure.web.servlet.WebDriverContextCustomizerFactory$Customizer@3960b11, [ImportsContextCustomizer@5fa94b55 key = [org.springframework.boot.autoconfigure.cache.CacheAutoConfiguration, org.springframework.boot.autoconfigure.context.MessageSourceAutoConfiguration, org.springframework.boot.autoconfigure.data.web.SpringDataWebAutoConfiguration, org.springframework.boot.autoconfigure.freemarker.FreeMarkerAutoConfiguration, org.springframework.boot.autoconfigure.groovy.template.GroovyTemplateAutoConfiguration, org.springframework.boot.autoconfigure.gson.GsonAutoConfiguration, org.springframework.boot.autoconfigure.hateoas.HypermediaAutoConfiguration, org.springframework.boot.autoconfigure.http.HttpMessageConvertersAutoConfiguration, org.springframework.boot.autoconfigure.jackson.JacksonAutoConfiguration, org.springframework.boot.autoconfigure.jsonb.JsonbAutoConfiguration, org.springframework.boot.autoconfigure.mustache.MustacheAutoConfiguration, org.springframework.boot.autoconfigure.task.TaskExecutionAutoConfiguration, org.springframework.boot.autoconfigure.thymeleaf.ThymeleafAutoConfiguration, org.springframework.boot.autoconfigure.validation.ValidationAutoConfiguration, org.springframework.boot.autoconfigure.web.servlet.error.ErrorMvcAutoConfiguration, org.springframework.boot.autoconfigure.web.servlet.WebMvcAutoConfiguration, org.springframework.boot.test.autoconfigure.web.servlet.MockMvcAutoConfiguration, org.springframework.boot.test.autoconfigure.web.servlet.MockMvcSecurityAutoConfiguration, org.springframework.boot.test.autoconfigure.web.servlet.MockMvcWebClientAutoConfiguration, org.springframework.boot.test.autoconfigure.web.servlet.MockMvcWebDriverAutoConfiguration]], org.springframework.boot.test.context.filter.ExcludeFilterContextCustomizer@52a98404, org.springframework.boot.test.json.DuplicateJsonObjectContextCustomizerFactory$DuplicateJsonObjectContextCustomizer@1dfadcf3, org.springframework.boot.test.mock.mockito.MockitoContextCustomizer@0], resourceBasePath = 'src/main/webapp', contextLoader = 'org.springframework.boot.test.context.SpringBootContextLoader', parent = [null]], attributes = map[[empty]]], class annotated with @DirtiesContext [false] with mode [null].
17:42:21.170 [Test worker] DEBUG org.springframework.test.annotation.ProfileValueUtils - Retrieved @ProfileValueSourceConfiguration [null] for test class [me.arok.springboot.web.HelloControllerTest]
17:42:21.171 [Test worker] DEBUG org.springframework.test.annotation.ProfileValueUtils - Retrieved ProfileValueSource type [class org.springframework.test.annotation.SystemProfileValueSource] for class [me.arok.springboot.web.HelloControllerTest]
17:42:21.184 [Test worker] DEBUG org.springframework.test.context.support.DependencyInjectionTestExecutionListener - Performing dependency injection for test context [[DefaultTestContext@66e497da testClass = HelloControllerTest, testInstance = me.arok.springboot.web.HelloControllerTest@357ae15c, testMethod = [null], testException = [null], mergedContextConfiguration = [WebMergedContextConfiguration@38cf01eb testClass = HelloControllerTest, locations = '{}', classes = '{class me.arok.springboot.Application}', contextInitializerClasses = '[]', activeProfiles = '{}', propertySourceLocations = '{}', propertySourceProperties = '{org.springframework.boot.test.autoconfigure.web.servlet.WebMvcTestContextBootstrapper=true}', contextCustomizers = set[org.springframework.boot.test.autoconfigure.OverrideAutoConfigurationContextCustomizerFactory$DisableAutoConfigurationContextCustomizer@3da7a52d, org.springframework.boot.test.autoconfigure.filter.TypeExcludeFiltersContextCustomizer@9b59a6d0, org.springframework.boot.test.autoconfigure.properties.PropertyMappingContextCustomizer@2bb945f, org.springframework.boot.test.autoconfigure.web.servlet.WebDriverContextCustomizerFactory$Customizer@3960b11, [ImportsContextCustomizer@5fa94b55 key = [org.springframework.boot.autoconfigure.cache.CacheAutoConfiguration, org.springframework.boot.autoconfigure.context.MessageSourceAutoConfiguration, org.springframework.boot.autoconfigure.data.web.SpringDataWebAutoConfiguration, org.springframework.boot.autoconfigure.freemarker.FreeMarkerAutoConfiguration, org.springframework.boot.autoconfigure.groovy.template.GroovyTemplateAutoConfiguration, org.springframework.boot.autoconfigure.gson.GsonAutoConfiguration, org.springframework.boot.autoconfigure.hateoas.HypermediaAutoConfiguration, org.springframework.boot.autoconfigure.http.HttpMessageConvertersAutoConfiguration, org.springframework.boot.autoconfigure.jackson.JacksonAutoConfiguration, org.springframework.boot.autoconfigure.jsonb.JsonbAutoConfiguration, org.springframework.boot.autoconfigure.mustache.MustacheAutoConfiguration, org.springframework.boot.autoconfigure.task.TaskExecutionAutoConfiguration, org.springframework.boot.autoconfigure.thymeleaf.ThymeleafAutoConfiguration, org.springframework.boot.autoconfigure.validation.ValidationAutoConfiguration, org.springframework.boot.autoconfigure.web.servlet.error.ErrorMvcAutoConfiguration, org.springframework.boot.autoconfigure.web.servlet.WebMvcAutoConfiguration, org.springframework.boot.test.autoconfigure.web.servlet.MockMvcAutoConfiguration, org.springframework.boot.test.autoconfigure.web.servlet.MockMvcSecurityAutoConfiguration, org.springframework.boot.test.autoconfigure.web.servlet.MockMvcWebClientAutoConfiguration, org.springframework.boot.test.autoconfigure.web.servlet.MockMvcWebDriverAutoConfiguration]], org.springframework.boot.test.context.filter.ExcludeFilterContextCustomizer@52a98404, org.springframework.boot.test.json.DuplicateJsonObjectContextCustomizerFactory$DuplicateJsonObjectContextCustomizer@1dfadcf3, org.springframework.boot.test.mock.mockito.MockitoContextCustomizer@0], resourceBasePath = 'src/main/webapp', contextLoader = 'org.springframework.boot.test.context.SpringBootContextLoader', parent = [null]], attributes = map[[empty]]]].
17:42:21.516 [Test worker] DEBUG org.springframework.test.context.support.TestPropertySourceUtils - Adding inlined properties to environment: {spring.jmx.enabled=false, org.springframework.boot.test.autoconfigure.web.servlet.WebMvcTestContextBootstrapper=true, server.port=-1}

  .   ____          _            __ _ _
 /\\ / ___'_ __ _ _(_)_ __  __ _ \ \ \ \
( ( )\___ | '_ | '_| | '_ \/ _` | \ \ \ \
 \\/  ___)| |_)| | | | | || (_| |  ) ) ) )
  '  |____| .__|_| |_|_| |_\__, | / / / /
 =========|_|==============|___/=/_/_/_/
?[32m :: Spring Boot :: ?[39m      ?[2m (v2.1.7.RELEASE)?[0;39m

?[2m2020-09-13 17:42:22.731?[0;39m ?[32m INFO?[0;39m ?[35m24028?[0;39m ?[2m---?[0;39m ?[2m[    Test worker]?[0;39m ?[36mm.a.springboot.web.HelloControllerTest  ?[0;39m ?[2m:?[0;39m Starting HelloControllerTest on jojaemin-ui-MacBook-Pro.local with PID 24028 (started by joarok in /Users/joarok/Documents/workspace/springboot-gradle-aws)
?[2m2020-09-13 17:42:22.736?[0;39m ?[32m INFO?[0;39m ?[35m24028?[0;39m ?[2m---?[0;39m ?[2m[    Test worker]?[0;39m ?[36mm.a.springboot.web.HelloControllerTest  ?[0;39m ?[2m:?[0;39m No active profile set, falling back to default profiles: default
?[2m2020-09-13 17:42:26.177?[0;39m ?[32m INFO?[0;39m ?[35m24028?[0;39m ?[2m---?[0;39m ?[2m[    Test worker]?[0;39m ?[36mo.s.s.concurrent.ThreadPoolTaskExecutor ?[0;39m ?[2m:?[0;39m Initializing ExecutorService 'applicationTaskExecutor'
?[2m2020-09-13 17:42:26.423?[0;39m ?[32m INFO?[0;39m ?[35m24028?[0;39m ?[2m---?[0;39m ?[2m[    Test worker]?[0;39m ?[36mo.s.b.a.w.s.WelcomePageHandlerMapping   ?[0;39m ?[2m:?[0;39m Adding welcome page template: index
?[2m2020-09-13 17:42:27.021?[0;39m ?[32m INFO?[0;39m ?[35m24028?[0;39m ?[2m---?[0;39m ?[2m[    Test worker]?[0;39m ?[36m.s.s.UserDetailsServiceAutoConfiguration?[0;39m ?[2m:?[0;39m 

Using generated security password: d61d033b-6044-42af-8d84-a23aa60a0f75

?[2m2020-09-13 17:42:27.429?[0;39m ?[32m INFO?[0;39m ?[35m24028?[0;39m ?[2m---?[0;39m ?[2m[    Test worker]?[0;39m ?[36mo.s.s.web.DefaultSecurityFilterChain    ?[0;39m ?[2m:?[0;39m Creating filter chain: any request, [org.springframework.security.web.context.request.async.WebAsyncManagerIntegrationFilter@593e759d, org.springframework.security.web.context.SecurityContextPersistenceFilter@4e17523c, org.springframework.security.web.header.HeaderWriterFilter@5e52e2b, org.springframework.security.web.csrf.CsrfFilter@6a93f5db, org.springframework.security.web.authentication.logout.LogoutFilter@8bd2640, org.springframework.security.web.authentication.UsernamePasswordAuthenticationFilter@3175034d, org.springframework.security.web.authentication.ui.DefaultLoginPageGeneratingFilter@a9e5670, org.springframework.security.web.authentication.ui.DefaultLogoutPageGeneratingFilter@68fea666, org.springframework.security.web.authentication.www.BasicAuthenticationFilter@233b9ac7, org.springframework.security.web.savedrequest.RequestCacheAwareFilter@a935299, org.springframework.security.web.servletapi.SecurityContextHolderAwareRequestFilter@6852d1a, org.springframework.security.web.authentication.AnonymousAuthenticationFilter@345b78fc, org.springframework.security.web.session.SessionManagementFilter@3261ec07, org.springframework.security.web.access.ExceptionTranslationFilter@244be89f, org.springframework.security.web.access.intercept.FilterSecurityInterceptor@2a398450]
?[2m2020-09-13 17:42:27.527?[0;39m ?[32m INFO?[0;39m ?[35m24028?[0;39m ?[2m---?[0;39m ?[2m[    Test worker]?[0;39m ?[36mo.s.b.t.m.w.SpringBootMockServletContext?[0;39m ?[2m:?[0;39m Initializing Spring TestDispatcherServlet ''
?[2m2020-09-13 17:42:27.527?[0;39m ?[32m INFO?[0;39m ?[35m24028?[0;39m ?[2m---?[0;39m ?[2m[    Test worker]?[0;39m ?[36mo.s.t.web.servlet.TestDispatcherServlet ?[0;39m ?[2m:?[0;39m Initializing Servlet ''
?[2m2020-09-13 17:42:27.558?[0;39m ?[32m INFO?[0;39m ?[35m24028?[0;39m ?[2m---?[0;39m ?[2m[    Test worker]?[0;39m ?[36mo.s.t.web.servlet.TestDispatcherServlet ?[0;39m ?[2m:?[0;39m Completed initialization in 31 ms
?[2m2020-09-13 17:42:27.668?[0;39m ?[32m INFO?[0;39m ?[35m24028?[0;39m ?[2m---?[0;39m ?[2m[    Test worker]?[0;39m ?[36mm.a.springboot.web.HelloControllerTest  ?[0;39m ?[2m:?[0;39m Started HelloControllerTest in 6.136 seconds (JVM running for 9.489)
]]></system-out>
  <system-err><![CDATA[]]></system-err>
</testsuite>
