<?xml version="1.0" encoding="UTF-8"?>
<testsuite name="me.arok.springboot.web.IndexControllerTest" tests="1" skipped="0" failures="0" errors="0" timestamp="2020-09-09T10:58:32" hostname="jojaemin-ui-MacBook-Pro.local" time="0.53">
  <properties/>
  <testcase name="mainPage_loading" classname="me.arok.springboot.web.IndexControllerTest" time="0.53"/>
  <system-out><![CDATA[?[2m2020-09-09 19:58:19.557?[0;39m ?[32m INFO?[0;39m ?[35m18293?[0;39m ?[2m---?[0;39m ?[2m[    Test worker]?[0;39m ?[36m.b.t.c.SpringBootTestContextBootstrapper?[0;39m ?[2m:?[0;39m Neither @ContextConfiguration nor @ContextHierarchy found for test class [me.arok.springboot.web.IndexControllerTest], using SpringBootContextLoader
?[2m2020-09-09 19:58:19.567?[0;39m ?[32m INFO?[0;39m ?[35m18293?[0;39m ?[2m---?[0;39m ?[2m[    Test worker]?[0;39m ?[36mo.s.t.c.support.AbstractContextLoader   ?[0;39m ?[2m:?[0;39m Could not detect default resource locations for test class [me.arok.springboot.web.IndexControllerTest]: no resource found for suffixes {-context.xml, Context.groovy}.
?[2m2020-09-09 19:58:19.568?[0;39m ?[32m INFO?[0;39m ?[35m18293?[0;39m ?[2m---?[0;39m ?[2m[    Test worker]?[0;39m ?[36mt.c.s.AnnotationConfigContextLoaderUtils?[0;39m ?[2m:?[0;39m Could not detect default configuration classes for test class [me.arok.springboot.web.IndexControllerTest]: IndexControllerTest does not declare any static, non-private, non-final, nested classes annotated with @Configuration.
?[2m2020-09-09 19:58:19.574?[0;39m ?[32m INFO?[0;39m ?[35m18293?[0;39m ?[2m---?[0;39m ?[2m[    Test worker]?[0;39m ?[36m.b.t.c.SpringBootTestContextBootstrapper?[0;39m ?[2m:?[0;39m Found @SpringBootConfiguration me.arok.springboot.Application for test class me.arok.springboot.web.IndexControllerTest
?[2m2020-09-09 19:58:19.580?[0;39m ?[32m INFO?[0;39m ?[35m18293?[0;39m ?[2m---?[0;39m ?[2m[    Test worker]?[0;39m ?[36m.b.t.c.SpringBootTestContextBootstrapper?[0;39m ?[2m:?[0;39m Loaded default TestExecutionListener class names from location [META-INF/spring.factories]: [org.springframework.security.test.context.support.WithSecurityContextTestExecutionListener, org.springframework.security.test.context.support.ReactorContextTestExecutionListener, org.springframework.boot.test.autoconfigure.restdocs.RestDocsTestExecutionListener, org.springframework.boot.test.autoconfigure.web.client.MockRestServiceServerResetTestExecutionListener, org.springframework.boot.test.autoconfigure.web.servlet.MockMvcPrintOnlyOnFailureTestExecutionListener, org.springframework.boot.test.autoconfigure.web.servlet.WebDriverTestExecutionListener, org.springframework.boot.test.mock.mockito.MockitoTestExecutionListener, org.springframework.boot.test.mock.mockito.ResetMocksTestExecutionListener, org.springframework.test.context.web.ServletTestExecutionListener, org.springframework.test.context.support.DirtiesContextBeforeModesTestExecutionListener, org.springframework.test.context.support.DependencyInjectionTestExecutionListener, org.springframework.test.context.support.DirtiesContextTestExecutionListener, org.springframework.test.context.transaction.TransactionalTestExecutionListener, org.springframework.test.context.jdbc.SqlScriptsTestExecutionListener]
?[2m2020-09-09 19:58:19.589?[0;39m ?[32m INFO?[0;39m ?[35m18293?[0;39m ?[2m---?[0;39m ?[2m[    Test worker]?[0;39m ?[36m.b.t.c.SpringBootTestContextBootstrapper?[0;39m ?[2m:?[0;39m Using TestExecutionListeners: [org.springframework.test.context.web.ServletTestExecutionListener@4f8d5066, org.springframework.test.context.support.DirtiesContextBeforeModesTestExecutionListener@752defd, org.springframework.boot.test.mock.mockito.MockitoTestExecutionListener@2c5c805e, org.springframework.boot.test.autoconfigure.SpringBootDependencyInjectionTestExecutionListener@932e8c2, org.springframework.test.context.support.DirtiesContextTestExecutionListener@2c1987e2, org.springframework.test.context.transaction.TransactionalTestExecutionListener@3d2d11aa, org.springframework.test.context.jdbc.SqlScriptsTestExecutionListener@753b2821, org.springframework.security.test.context.support.WithSecurityContextTestExecutionListener@6bd1babc, org.springframework.security.test.context.support.ReactorContextTestExecutionListener@b1706b3, org.springframework.boot.test.autoconfigure.restdocs.RestDocsTestExecutionListener@5e62f63a, org.springframework.boot.test.autoconfigure.web.client.MockRestServiceServerResetTestExecutionListener@7234a7f7, org.springframework.boot.test.autoconfigure.web.servlet.MockMvcPrintOnlyOnFailureTestExecutionListener@14d6f757, org.springframework.boot.test.autoconfigure.web.servlet.WebDriverTestExecutionListener@27c759e0, org.springframework.boot.test.mock.mockito.ResetMocksTestExecutionListener@6e5db804]

  .   ____          _            __ _ _
 /\\ / ___'_ __ _ _(_)_ __  __ _ \ \ \ \
( ( )\___ | '_ | '_| | '_ \/ _` | \ \ \ \
 \\/  ___)| |_)| | | | | || (_| |  ) ) ) )
  '  |____| .__|_| |_|_| |_\__, | / / / /
 =========|_|==============|___/=/_/_/_/
?[32m :: Spring Boot :: ?[39m      ?[2m (v2.1.7.RELEASE)?[0;39m

?[2m2020-09-09 19:58:19.694?[0;39m ?[32m INFO?[0;39m ?[35m18293?[0;39m ?[2m---?[0;39m ?[2m[    Test worker]?[0;39m ?[36mm.a.springboot.web.IndexControllerTest  ?[0;39m ?[2m:?[0;39m Starting IndexControllerTest on jojaemin-ui-MacBook-Pro.local with PID 18293 (started by joarok in /Users/joarok/Documents/workspace/springboot-gradle-aws)
?[2m2020-09-09 19:58:19.697?[0;39m ?[32m INFO?[0;39m ?[35m18293?[0;39m ?[2m---?[0;39m ?[2m[    Test worker]?[0;39m ?[36mm.a.springboot.web.IndexControllerTest  ?[0;39m ?[2m:?[0;39m No active profile set, falling back to default profiles: default
?[2m2020-09-09 19:58:21.097?[0;39m ?[32m INFO?[0;39m ?[35m18293?[0;39m ?[2m---?[0;39m ?[2m[    Test worker]?[0;39m ?[36m.s.d.r.c.RepositoryConfigurationDelegate?[0;39m ?[2m:?[0;39m Bootstrapping Spring Data repositories in DEFAULT mode.
?[2m2020-09-09 19:58:21.340?[0;39m ?[32m INFO?[0;39m ?[35m18293?[0;39m ?[2m---?[0;39m ?[2m[    Test worker]?[0;39m ?[36m.s.d.r.c.RepositoryConfigurationDelegate?[0;39m ?[2m:?[0;39m Finished Spring Data repository scanning in 215ms. Found 2 repository interfaces.
?[2m2020-09-09 19:58:23.486?[0;39m ?[32m INFO?[0;39m ?[35m18293?[0;39m ?[2m---?[0;39m ?[2m[    Test worker]?[0;39m ?[36mtrationDelegate$BeanPostProcessorChecker?[0;39m ?[2m:?[0;39m Bean 'org.springframework.transaction.annotation.ProxyTransactionManagementConfiguration' of type [org.springframework.transaction.annotation.ProxyTransactionManagementConfiguration$$EnhancerBySpringCGLIB$$4dedc715] is not eligible for getting processed by all BeanPostProcessors (for example: not eligible for auto-proxying)
?[2m2020-09-09 19:58:24.586?[0;39m ?[32m INFO?[0;39m ?[35m18293?[0;39m ?[2m---?[0;39m ?[2m[    Test worker]?[0;39m ?[36mo.s.b.w.embedded.tomcat.TomcatWebServer ?[0;39m ?[2m:?[0;39m Tomcat initialized with port(s): 0 (http)
?[2m2020-09-09 19:58:24.710?[0;39m ?[32m INFO?[0;39m ?[35m18293?[0;39m ?[2m---?[0;39m ?[2m[    Test worker]?[0;39m ?[36mo.apache.catalina.core.StandardService  ?[0;39m ?[2m:?[0;39m Starting service [Tomcat]
?[2m2020-09-09 19:58:24.711?[0;39m ?[32m INFO?[0;39m ?[35m18293?[0;39m ?[2m---?[0;39m ?[2m[    Test worker]?[0;39m ?[36morg.apache.catalina.core.StandardEngine ?[0;39m ?[2m:?[0;39m Starting Servlet engine: [Apache Tomcat/9.0.22]
?[2m2020-09-09 19:58:25.131?[0;39m ?[32m INFO?[0;39m ?[35m18293?[0;39m ?[2m---?[0;39m ?[2m[    Test worker]?[0;39m ?[36mo.a.c.c.C.[Tomcat].[localhost].[/]      ?[0;39m ?[2m:?[0;39m Initializing Spring embedded WebApplicationContext
?[2m2020-09-09 19:58:25.132?[0;39m ?[32m INFO?[0;39m ?[35m18293?[0;39m ?[2m---?[0;39m ?[2m[    Test worker]?[0;39m ?[36mo.s.web.context.ContextLoader           ?[0;39m ?[2m:?[0;39m Root WebApplicationContext: initialization completed in 5427 ms
?[2m2020-09-09 19:58:25.839?[0;39m ?[32m INFO?[0;39m ?[35m18293?[0;39m ?[2m---?[0;39m ?[2m[    Test worker]?[0;39m ?[36mcom.zaxxer.hikari.HikariDataSource      ?[0;39m ?[2m:?[0;39m HikariPool-1 - Starting...
?[2m2020-09-09 19:58:26.338?[0;39m ?[32m INFO?[0;39m ?[35m18293?[0;39m ?[2m---?[0;39m ?[2m[    Test worker]?[0;39m ?[36mcom.zaxxer.hikari.HikariDataSource      ?[0;39m ?[2m:?[0;39m HikariPool-1 - Start completed.
?[2m2020-09-09 19:58:26.612?[0;39m ?[32m INFO?[0;39m ?[35m18293?[0;39m ?[2m---?[0;39m ?[2m[    Test worker]?[0;39m ?[36mo.hibernate.jpa.internal.util.LogHelper ?[0;39m ?[2m:?[0;39m HHH000204: Processing PersistenceUnitInfo [
	name: default
	...]
?[2m2020-09-09 19:58:26.787?[0;39m ?[32m INFO?[0;39m ?[35m18293?[0;39m ?[2m---?[0;39m ?[2m[    Test worker]?[0;39m ?[36morg.hibernate.Version                   ?[0;39m ?[2m:?[0;39m HHH000412: Hibernate Core {5.3.10.Final}
?[2m2020-09-09 19:58:26.790?[0;39m ?[32m INFO?[0;39m ?[35m18293?[0;39m ?[2m---?[0;39m ?[2m[    Test worker]?[0;39m ?[36morg.hibernate.cfg.Environment           ?[0;39m ?[2m:?[0;39m HHH000206: hibernate.properties not found
?[2m2020-09-09 19:58:26.957?[0;39m ?[32m INFO?[0;39m ?[35m18293?[0;39m ?[2m---?[0;39m ?[2m[    Test worker]?[0;39m ?[36mo.hibernate.annotations.common.Version  ?[0;39m ?[2m:?[0;39m HCANN000001: Hibernate Commons Annotations {5.0.4.Final}
?[2m2020-09-09 19:58:27.377?[0;39m ?[32m INFO?[0;39m ?[35m18293?[0;39m ?[2m---?[0;39m ?[2m[    Test worker]?[0;39m ?[36morg.hibernate.dialect.Dialect           ?[0;39m ?[2m:?[0;39m HHH000400: Using dialect: org.hibernate.dialect.MySQL5InnoDBDialect
Hibernate: drop table if exists posts
Hibernate: drop table if exists user
Hibernate: create table posts (id bigint not null auto_increment, created_date datetime, modified_date datetime, author varchar(255), content TEXT not null, title varchar(500) not null, primary key (id)) engine=InnoDB
Hibernate: create table user (id bigint not null auto_increment, created_date datetime, modified_date datetime, email varchar(255) not null, name varchar(255) not null, picture varchar(255), role varchar(255) not null, primary key (id)) engine=InnoDB
?[2m2020-09-09 19:58:28.932?[0;39m ?[32m INFO?[0;39m ?[35m18293?[0;39m ?[2m---?[0;39m ?[2m[    Test worker]?[0;39m ?[36mo.h.t.schema.internal.SchemaCreatorImpl ?[0;39m ?[2m:?[0;39m HHH000476: Executing import script 'org.hibernate.tool.schema.internal.exec.ScriptSourceInputNonExistentImpl@3a49caa9'
?[2m2020-09-09 19:58:28.938?[0;39m ?[32m INFO?[0;39m ?[35m18293?[0;39m ?[2m---?[0;39m ?[2m[    Test worker]?[0;39m ?[36mj.LocalContainerEntityManagerFactoryBean?[0;39m ?[2m:?[0;39m Initialized JPA EntityManagerFactory for persistence unit 'default'
?[2m2020-09-09 19:58:30.588?[0;39m ?[32m INFO?[0;39m ?[35m18293?[0;39m ?[2m---?[0;39m ?[2m[    Test worker]?[0;39m ?[36mo.h.h.i.QueryTranslatorFactoryInitiator ?[0;39m ?[2m:?[0;39m HHH000397: Using ASTQueryTranslatorFactory
?[2m2020-09-09 19:58:31.479?[0;39m ?[32m INFO?[0;39m ?[35m18293?[0;39m ?[2m---?[0;39m ?[2m[    Test worker]?[0;39m ?[36mo.s.s.web.DefaultSecurityFilterChain    ?[0;39m ?[2m:?[0;39m Creating filter chain: any request, [org.springframework.security.web.context.request.async.WebAsyncManagerIntegrationFilter@6ba64068, org.springframework.security.web.context.SecurityContextPersistenceFilter@288897da, org.springframework.security.web.header.HeaderWriterFilter@58cc5b5e, org.springframework.security.web.authentication.logout.LogoutFilter@363ab40e, org.springframework.security.oauth2.client.web.OAuth2AuthorizationRequestRedirectFilter@4f359a5a, org.springframework.security.oauth2.client.web.OAuth2LoginAuthenticationFilter@39a083c6, org.springframework.security.web.authentication.ui.DefaultLoginPageGeneratingFilter@5a60dedf, org.springframework.security.web.authentication.ui.DefaultLogoutPageGeneratingFilter@7ffef27f, org.springframework.security.web.savedrequest.RequestCacheAwareFilter@7af48c7, org.springframework.security.web.servletapi.SecurityContextHolderAwareRequestFilter@3d03e5c7, org.springframework.security.web.authentication.AnonymousAuthenticationFilter@a592943, org.springframework.security.web.session.SessionManagementFilter@4244b800, org.springframework.security.web.access.ExceptionTranslationFilter@7a9aa25e, org.springframework.security.web.access.intercept.FilterSecurityInterceptor@52a2f366]
?[2m2020-09-09 19:58:31.868?[0;39m ?[32m INFO?[0;39m ?[35m18293?[0;39m ?[2m---?[0;39m ?[2m[    Test worker]?[0;39m ?[36mo.s.s.concurrent.ThreadPoolTaskExecutor ?[0;39m ?[2m:?[0;39m Initializing ExecutorService 'applicationTaskExecutor'
?[2m2020-09-09 19:58:31.896?[0;39m ?[33m WARN?[0;39m ?[35m18293?[0;39m ?[2m---?[0;39m ?[2m[    Test worker]?[0;39m ?[36maWebConfiguration$JpaWebMvcConfiguration?[0;39m ?[2m:?[0;39m spring.jpa.open-in-view is enabled by default. Therefore, database queries may be performed during view rendering. Explicitly configure spring.jpa.open-in-view to disable this warning
?[2m2020-09-09 19:58:31.993?[0;39m ?[32m INFO?[0;39m ?[35m18293?[0;39m ?[2m---?[0;39m ?[2m[    Test worker]?[0;39m ?[36mo.s.b.a.w.s.WelcomePageHandlerMapping   ?[0;39m ?[2m:?[0;39m Adding welcome page template: index
?[2m2020-09-09 19:58:32.749?[0;39m ?[32m INFO?[0;39m ?[35m18293?[0;39m ?[2m---?[0;39m ?[2m[    Test worker]?[0;39m ?[36ms.a.ScheduledAnnotationBeanPostProcessor?[0;39m ?[2m:?[0;39m No TaskScheduler/ScheduledExecutorService bean found for scheduled processing
?[2m2020-09-09 19:58:32.819?[0;39m ?[32m INFO?[0;39m ?[35m18293?[0;39m ?[2m---?[0;39m ?[2m[    Test worker]?[0;39m ?[36mo.s.b.w.embedded.tomcat.TomcatWebServer ?[0;39m ?[2m:?[0;39m Tomcat started on port(s): 49895 (http) with context path ''
?[2m2020-09-09 19:58:32.822?[0;39m ?[32m INFO?[0;39m ?[35m18293?[0;39m ?[2m---?[0;39m ?[2m[    Test worker]?[0;39m ?[36mm.a.springboot.web.IndexControllerTest  ?[0;39m ?[2m:?[0;39m Started IndexControllerTest in 13.23 seconds (JVM running for 29.972)
?[2m2020-09-09 19:58:33.070?[0;39m ?[32m INFO?[0;39m ?[35m18293?[0;39m ?[2m---?[0;39m ?[2m[o-auto-1-exec-1]?[0;39m ?[36mo.a.c.c.C.[Tomcat].[localhost].[/]      ?[0;39m ?[2m:?[0;39m Initializing Spring DispatcherServlet 'dispatcherServlet'
?[2m2020-09-09 19:58:33.070?[0;39m ?[32m INFO?[0;39m ?[35m18293?[0;39m ?[2m---?[0;39m ?[2m[o-auto-1-exec-1]?[0;39m ?[36mo.s.web.servlet.DispatcherServlet       ?[0;39m ?[2m:?[0;39m Initializing Servlet 'dispatcherServlet'
?[2m2020-09-09 19:58:33.096?[0;39m ?[32m INFO?[0;39m ?[35m18293?[0;39m ?[2m---?[0;39m ?[2m[o-auto-1-exec-1]?[0;39m ?[36mo.s.web.servlet.DispatcherServlet       ?[0;39m ?[2m:?[0;39m Completed initialization in 25 ms
Hibernate: select posts0_.id as id1_0_, posts0_.created_date as created_2_0_, posts0_.modified_date as modified3_0_, posts0_.author as author4_0_, posts0_.content as content5_0_, posts0_.title as title6_0_ from posts posts0_ order by posts0_.id DESC
]]></system-out>
  <system-err><![CDATA[]]></system-err>
</testsuite>
